#
# A fatal error has been detected by the Java Runtime Environment:
#
#  EXCEPTION_ACCESS_VIOLATION (0xc0000005) at pc=0x00007ff91401c6f9, pid=3076, tid=4148
#
# JRE version: OpenJDK Runtime Environment (11.0.10) (build 11.0.10+0-b96-7249189)
# Java VM: OpenJDK 64-Bit Server VM (11.0.10+0-b96-7249189, mixed mode, tiered, compressed oops, g1 gc, windows-amd64)
# Problematic frame:
# C  [native-platform-file-events.dll+0x1c6f9]
#
# No core dump will be written. Minidumps are not enabled by default on client versions of Windows
#
# If you would like to submit a bug report, please visit:
#   https://bugreport.java.com/bugreport/crash.jsp
# The crash happened outside the Java Virtual Machine in native code.
# See problematic frame for where to report the bug.
#

---------------  S U M M A R Y ------------

Command Line: --add-opens=java.base/java.util=ALL-UNNAMED --add-opens=java.base/java.lang=ALL-UNNAMED --add-opens=java.base/java.lang.invoke=ALL-UNNAMED --add-opens=java.base/java.util=ALL-UNNAMED --add-opens=java.prefs/java.util.prefs=ALL-UNNAMED --add-opens=java.prefs/java.util.prefs=ALL-UNNAMED --add-opens=java.base/java.nio.charset=ALL-UNNAMED --add-opens=java.base/java.net=ALL-UNNAMED --add-opens=java.base/java.util.concurrent.atomic=ALL-UNNAMED -Xmx2048m -Dfile.encoding=UTF-8 -Duser.country=RU -Duser.language=ru -Duser.variant org.gradle.launcher.daemon.bootstrap.GradleDaemon 7.0.2

Host: Intel(R) Core(TM) i5-8600K CPU @ 3.60GHz, 6 cores, 7G,  Windows 10 , 64 bit Build 17763 (10.0.17763.2145)
Time: Sat Oct 16 12:13:28 2021 Iiaineae?neia noaiaa?oiia a?aiy elapsed time: 1326.002505 seconds (0d 0h 22m 6s)

---------------  T H R E A D  ---------------

Current thread (0x000001f223a23800):  JavaThread "File watcher server" daemon [_thread_in_native, id=4148, stack(0x0000002fdfa00000,0x0000002fdfb00000)]

Stack: [0x0000002fdfa00000,0x0000002fdfb00000],  sp=0x0000002fdfafe930,  free space=1018k
Native frames: (J=compiled Java code, j=interpreted, Vv=VM code, C=native code)
C  [native-platform-file-events.dll+0x1c6f9]

Java frames: (J=compiled Java code, j=interpreted, Vv=VM code)
j  net.rubygrapefruit.platform.internal.jni.AbstractFileEventFunctions$NativeFileWatcher.executeRunLoop0(Ljava/lang/Object;)V+0
j  net.rubygrapefruit.platform.internal.jni.AbstractFileEventFunctions$NativeFileWatcher.access$100(Lnet/rubygrapefruit/platform/internal/jni/AbstractFileEventFunctions$NativeFileWatcher;Ljava/lang/Object;)V+2
j  net.rubygrapefruit.platform.internal.jni.AbstractFileEventFunctions$NativeFileWatcher$1.run()V+26
v  ~StubRoutines::call_stub

siginfo: EXCEPTION_ACCESS_VIOLATION (0xc0000005), reading address 0xffffffffffffffff


Register to memory mapping:

RIP=0x00007ff91401c6f9 native-platform-file-events.dll
RAX=0x0066003200650031 is an unknown value
RBX=0x0000000000000001 is an unknown value
RCX=0x0066003200650031 is an unknown value
RDX=0x0 is NULL
RSP=0x0000002fdfafe930 is pointing into the stack for thread: 0x000001f223a23800
RBP=0x0000002fdfaff1f8 is pointing into the stack for thread: 0x000001f223a23800
RSI=0x0 is NULL
RDI=
[error occurred during error reporting (printing register info), id 0xc0000005, EXCEPTION_ACCESS_VIOLATION (0xc0000005) at pc=0x00007ff8e8b29dc7]

Registers:
RAX=0x0066003200650031, RBX=0x0000000000000001, RCX=0x0066003200650031, RDX=0x0000000000000000
RSP=0x0000002fdfafe930, RBP=0x0000002fdfaff1f8, RSI=0x0000000000000000, RDI=0x00000000ffffffff
R8 =0x0000000000000032, R9 =0x0000002fdfafea50, R10=0x0000000000000000, R11=0x0000000000000246
R12=0x0000000000000000, R13=0x000001f226772ca0, R14=0x0000002fdfaff220, R15=0x000001f223a23800
RIP=0x00007ff91401c6f9, EFLAGS=0x0000000000010297

Top of Stack: (sp=0x0000002fdfafe930)
0x0000002fdfafe930:   0000002fdfafe970 0000002fdfbfe5d0
0x0000002fdfafe940:   0000000000000000 000001f227fee170
0x0000002fdfafe950:   0000000000000001 0000000000000256
0x0000002fdfafe960:   0000002fdfafe960 0000000000000000
0x0000002fdfafe970:   0000002f00000000 000001f221358a01
0x0000002fdfafe980:   0000000000000000 00007ff91401daad
0x0000002fdfafe990:   0000cb6a02a0192c 0000000000000000
0x0000002fdfafe9a0:   000001f223a23800 0000002fdfaff220
0x0000002fdfafe9b0:   000001f226772ca0 0000000000000000
0x0000002fdfafe9c0:   0000002fdfaff1f8 00007ff935930dd2
0x0000002fdfafe9d0:   0000002fdfbfe590 0000000000000000
0x0000002fdfafe9e0:   00007ff91401da90 0000002fdfbfe590
0x0000002fdfafe9f0:   0000000000000048 0000a4a132a4f41e
0x0000002fdfafea00:   0000000000000000 00007ff91401c882
0x0000002fdfafea10:   0066003200650031 ffffffff00000000
0x0000002fdfafea20:   00007ff900000032 000001f227fee150 

Instructions: (pc=0x00007ff91401c6f9)
0x00007ff91401c5f9:   48 89 4c 24 08 48 81 ec d8 00 00 00 48 8b 05 3c
0x00007ff91401c609:   7c 10 00 48 33 c4 48 89 84 24 c8 00 00 00 c7 44
0x00007ff91401c619:   24 40 00 00 00 00 81 bc 24 e8 00 00 00 e3 03 00
0x00007ff91401c629:   00 0f 85 c1 00 00 00 ba 03 00 00 00 48 8b 0d d4
0x00007ff91401c639:   ae 10 00 e8 01 a3 fe ff 0f b6 c0 85 c0 74 7a 48
0x00007ff91401c649:   8b 84 24 e0 00 00 00 8b 40 68 89 44 24 44 48 8b
0x00007ff91401c659:   84 24 e0 00 00 00 48 83 c0 08 48 8b d0 48 8d 8c
0x00007ff91401c669:   24 88 00 00 00 e8 c3 4f fe ff 48 89 44 24 50 48
0x00007ff91401c679:   8b 44 24 50 48 89 44 24 58 8b 44 24 40 83 c8 01
0x00007ff91401c689:   89 44 24 40 48 8b 4c 24 58 e8 93 51 fe ff 48 89
0x00007ff91401c699:   44 24 60 8b 44 24 44 89 44 24 20 4c 8b 4c 24 60
0x00007ff91401c6a9:   4c 8d 05 a0 ae 0d 00 ba 03 00 00 00 48 8b 0d 54
0x00007ff91401c6b9:   ae 10 00 e8 d1 70 fe ff 90 8b 44 24 40 83 e0 01
0x00007ff91401c6c9:   85 c0 74 12 83 64 24 40 fe 48 8d 8c 24 88 00 00
0x00007ff91401c6d9:   00 e8 c0 59 fe ff 48 8b 8c 24 e0 00 00 00 e8 3a
0x00007ff91401c6e9:   9b fe ff e9 36 01 00 00 48 8b 84 24 e0 00 00 00
0x00007ff91401c6f9:   83 78 68 01 0f 84 cb 00 00 00 ba 03 00 00 00 48
0x00007ff91401c709:   8b 0d 01 ae 10 00 e8 2e a2 fe ff 0f b6 c0 85 c0
0x00007ff91401c719:   0f 84 90 00 00 00 48 8b 84 24 e0 00 00 00 8b 40
0x00007ff91401c729:   68 89 44 24 48 48 8b 84 24 e0 00 00 00 48 83 c0
0x00007ff91401c739:   08 48 8b d0 48 8d 8c 24 a8 00 00 00 e8 ec 4e fe
0x00007ff91401c749:   ff 48 89 44 24 68 48 8b 44 24 68 48 89 44 24 70
0x00007ff91401c759:   8b 44 24 40 83 c8 02 89 44 24 40 48 8b 4c 24 70
0x00007ff91401c769:   e8 bc 50 fe ff 48 89 44 24 78 8b 44 24 48 89 44
0x00007ff91401c779:   24 30 8b 84 24 e8 00 00 00 89 44 24 28 8b 84 24
0x00007ff91401c789:   f0 00 00 00 89 44 24 20 4c 8b 4c 24 78 4c 8d 05
0x00007ff91401c799:   e3 ad 0d 00 ba 03 00 00 00 48 8b 0d 67 ad 10 00
0x00007ff91401c7a9:   e8 e4 6f fe ff 90 8b 44 24 40 83 e0 02 85 c0 74
0x00007ff91401c7b9:   12 83 64 24 40 fd 48 8d 8c 24 a8 00 00 00 e8 d3
0x00007ff91401c7c9:   58 fe ff eb 59 48 8b 84 24 e0 00 00 00 c7 40 68
0x00007ff91401c7d9:   00 00 00 00 48 8b 84 24 e0 00 00 00 48 8b 00 48
0x00007ff91401c7e9:   89 84 24 80 00 00 00 48 8b 84 24 e0 00 00 00 48 


Stack slot to memory mapping:
stack at sp + 0 slots: 0x0000002fdfafe970 is pointing into the stack for thread: 0x000001f223a23800
stack at sp + 1 slots: 0x0000002fdfbfe5d0 is pointing into the stack for thread: 0x000001f223a24800
stack at sp + 2 slots: 0x0 is NULL
stack at sp + 3 slots: 0x000001f227fee170 points into unknown readable memory: 0x00630037006302c0 | c0 02 63 00 37 00 63 00
stack at sp + 4 slots: 0x0000000000000001 is an unknown value
stack at sp + 5 slots: 0x0000000000000256 is an unknown value
stack at sp + 6 slots: 0x0000002fdfafe960 is pointing into the stack for thread: 0x000001f223a23800
stack at sp + 7 slots: 0x0 is NULL


---------------  P R O C E S S  ---------------

Threads class SMR info:
_java_thread_list=0x000001f221b22b70, length=56, elements={
0x000001f206e7d000, 0x000001f220eae800, 0x000001f220eb0000, 0x000001f221828800,
0x000001f22182c000, 0x000001f22182f800, 0x000001f220ec8800, 0x000001f220ecf800,
0x000001f220ed1000, 0x000001f221984000, 0x000001f222622800, 0x000001f2230fa800,
0x000001f223942800, 0x000001f223a21000, 0x000001f223a23000, 0x000001f223a20800,
0x000001f223a23800, 0x000001f223a24800, 0x000001f223a25800, 0x000001f223a26000,
0x000001f223b3e000, 0x000001f223b3f000, 0x000001f223b3a800, 0x000001f223b3a000,
0x000001f223b39000, 0x000001f223b44800, 0x000001f228118000, 0x000001f228116800,
0x000001f22811d000, 0x000001f22811e000, 0x000001f22811a000, 0x000001f228119000,
0x000001f22811e800, 0x000001f22811a800, 0x000001f228122000, 0x000001f228123000,
0x000001f22811f800, 0x000001f228120800, 0x000001f228121000, 0x000001f228123800,
0x000001f228124800, 0x000001f223b40800, 0x000001f223b3d000, 0x000001f223b41000,
0x000001f223b3b800, 0x000001f223b42000, 0x000001f223b3c800, 0x000001f228150800,
0x000001f223b46000, 0x000001f223b45800, 0x000001f223b47000, 0x000001f223b43000,
0x000001f223b48000, 0x000001f223a27000, 0x000001f223a22000, 0x000001f229354000
}

Java Threads: ( => current thread )
  0x000001f206e7d000 JavaThread "main" [_thread_blocked, id=8352, stack(0x0000002fdd400000,0x0000002fdd500000)]
  0x000001f220eae800 JavaThread "Reference Handler" daemon [_thread_blocked, id=7460, stack(0x0000002fddb00000,0x0000002fddc00000)]
  0x000001f220eb0000 JavaThread "Finalizer" daemon [_thread_blocked, id=6260, stack(0x0000002fddc00000,0x0000002fddd00000)]
  0x000001f221828800 JavaThread "Signal Dispatcher" daemon [_thread_blocked, id=9772, stack(0x0000002fddd00000,0x0000002fdde00000)]
  0x000001f22182c000 JavaThread "Attach Listener" daemon [_thread_blocked, id=32, stack(0x0000002fdde00000,0x0000002fddf00000)]
  0x000001f22182f800 JavaThread "Service Thread" daemon [_thread_blocked, id=4260, stack(0x0000002fddf00000,0x0000002fde000000)]
  0x000001f220ec8800 JavaThread "C2 CompilerThread0" daemon [_thread_blocked, id=9340, stack(0x0000002fde000000,0x0000002fde100000)]
  0x000001f220ecf800 JavaThread "C1 CompilerThread0" daemon [_thread_blocked, id=9352, stack(0x0000002fde100000,0x0000002fde200000)]
  0x000001f220ed1000 JavaThread "Sweeper thread" daemon [_thread_blocked, id=9204, stack(0x0000002fde200000,0x0000002fde300000)]
  0x000001f221984000 JavaThread "Common-Cleaner" daemon [_thread_blocked, id=9348, stack(0x0000002fde300000,0x0000002fde400000)]
  0x000001f222622800 JavaThread "Daemon health stats" [_thread_blocked, id=8724, stack(0x0000002fde800000,0x0000002fde900000)]
  0x000001f2230fa800 JavaThread "Incoming local TCP Connector on port 2552" [_thread_in_native, id=1828, stack(0x0000002fde900000,0x0000002fdea00000)]
  0x000001f223942800 JavaThread "Daemon periodic checks" [_thread_blocked, id=8524, stack(0x0000002fdea00000,0x0000002fdeb00000)]
  0x000001f223a21000 JavaThread "Cache worker for file hash cache (C:\Users\spirkin_a\.gradle\caches\7.0.2\fileHashes)" [_thread_blocked, id=2044, stack(0x0000002fdf500000,0x0000002fdf600000)]
  0x000001f223a23000 JavaThread "File lock request listener" [_thread_in_native, id=8356, stack(0x0000002fdf600000,0x0000002fdf700000)]
  0x000001f223a20800 JavaThread "Cache worker for journal cache (C:\Users\spirkin_a\.gradle\caches\journal-1)" [_thread_blocked, id=3108, stack(0x0000002fdf800000,0x0000002fdf900000)]
=>0x000001f223a23800 JavaThread "File watcher server" daemon [_thread_in_native, id=4148, stack(0x0000002fdfa00000,0x0000002fdfb00000)]
  0x000001f223a24800 JavaThread "File watcher consumer" daemon [_thread_blocked, id=6400, stack(0x0000002fdfb00000,0x0000002fdfc00000)]
  0x000001f223a25800 JavaThread "jar transforms" [_thread_blocked, id=6264, stack(0x0000002fdfc00000,0x0000002fdfd00000)]
  0x000001f223a26000 JavaThread "jar transforms Thread 2" [_thread_blocked, id=676, stack(0x0000002fde500000,0x0000002fde600000)]
  0x000001f223b3e000 JavaThread "jar transforms Thread 3" [_thread_blocked, id=8528, stack(0x0000002fdfd00000,0x0000002fdfe00000)]
  0x000001f223b3f000 JavaThread "jar transforms Thread 4" [_thread_blocked, id=6824, stack(0x0000002fdfe00000,0x0000002fdff00000)]
  0x000001f223b3a800 JavaThread "jar transforms Thread 5" [_thread_blocked, id=9576, stack(0x0000002fdff00000,0x0000002fe0000000)]
  0x000001f223b3a000 JavaThread "jar transforms Thread 6" [_thread_blocked, id=7328, stack(0x0000002fe0000000,0x0000002fe0100000)]
  0x000001f223b39000 JavaThread "Cache worker for execution history cache (C:\Users\spirkin_a\.gradle\caches\7.0.2\executionHistory)" [_thread_blocked, id=8152, stack(0x0000002fe0400000,0x0000002fe0500000)]
  0x000001f223b44800 JavaThread "Cache worker for file content cache (C:\Users\spirkin_a\.gradle\caches\7.0.2\fileContent)" [_thread_blocked, id=5900, stack(0x0000002fe0600000,0x0000002fe0700000)]
  0x000001f228118000 JavaThread "Memory manager" [_thread_blocked, id=6208, stack(0x0000002fdd200000,0x0000002fdd300000)]
  0x000001f228116800 JavaThread "Daemon Thread 3" [_thread_blocked, id=9172, stack(0x0000002fdd100000,0x0000002fdd200000)]
  0x000001f22811d000 JavaThread "Handler for socket connection from /127.0.0.1:2552 to /127.0.0.1:3128" [_thread_in_native, id=9780, stack(0x0000002fdec00000,0x0000002fded00000)]
  0x000001f22811e000 JavaThread "Cancel handler" [_thread_blocked, id=1960, stack(0x0000002fded00000,0x0000002fdee00000)]
  0x000001f22811a000 JavaThread "Daemon worker Thread 3" [_thread_blocked, id=9368, stack(0x0000002fdee00000,0x0000002fdef00000)]
  0x000001f228119000 JavaThread "Asynchronous log dispatcher for DefaultDaemonConnection: socket connection from /127.0.0.1:2552 to /127.0.0.1:3128" [_thread_blocked, id=4012, stack(0x0000002fdef00000,0x0000002fdf000000)]
  0x000001f22811e800 JavaThread "Stdin handler" [_thread_blocked, id=6836, stack(0x0000002fdf000000,0x0000002fdf100000)]
  0x000001f22811a800 JavaThread "Daemon client event forwarder" [_thread_blocked, id=2152, stack(0x0000002fdf100000,0x0000002fdf200000)]
  0x000001f228122000 JavaThread "Cache worker for file hash cache (G:\Android\AudioVideo\.gradle\7.0.2\fileHashes)" [_thread_blocked, id=1356, stack(0x0000002fdf900000,0x0000002fdfa00000)]
  0x000001f228123000 JavaThread "Cache worker for checksums cache (G:\Android\AudioVideo\.gradle\checksums)" [_thread_blocked, id=6420, stack(0x0000002fe0200000,0x0000002fe0300000)]
  0x000001f22811f800 JavaThread "Cache worker for cache directory md-supplier (C:\Users\spirkin_a\.gradle\caches\7.0.2\md-supplier)" [_thread_blocked, id=6656, stack(0x0000002fe0300000,0x0000002fe0400000)]
  0x000001f228120800 JavaThread "Cache worker for cache directory md-rule (C:\Users\spirkin_a\.gradle\caches\7.0.2\md-rule)" [_thread_blocked, id=9488, stack(0x0000002fe0500000,0x0000002fe0600000)]
  0x000001f228121000 JavaThread "Cache worker for dependencies-accessors (G:\Android\AudioVideo\.gradle\7.0.2\dependencies-accessors)" [_thread_blocked, id=7848, stack(0x0000002fe0700000,0x0000002fe0800000)]
  0x000001f228123800 JavaThread "Cache worker for Build Output Cleanup Cache (G:\Android\AudioVideo\.gradle\buildOutputCleanup)" [_thread_in_native, id=3720, stack(0x0000002fe0800000,0x0000002fe0900000)]
  0x000001f228124800 JavaThread "Build operations" [_thread_blocked, id=7764, stack(0x0000002fe0900000,0x0000002fe0a00000)]
  0x000001f223b40800 JavaThread "Build operations Thread 2" [_thread_blocked, id=5784, stack(0x0000002fe0a00000,0x0000002fe0b00000)]
  0x000001f223b3d000 JavaThread "Build operations Thread 3" [_thread_blocked, id=2276, stack(0x0000002fe0b00000,0x0000002fe0c00000)]
  0x000001f223b41000 JavaThread "Build operations Thread 4" [_thread_blocked, id=6456, stack(0x0000002fe0c00000,0x0000002fe0d00000)]
  0x000001f223b3b800 JavaThread "Build operations Thread 5" [_thread_blocked, id=5532, stack(0x0000002fe0d00000,0x0000002fe0e00000)]
  0x000001f223b42000 JavaThread "Build operations Thread 6" [_thread_blocked, id=5888, stack(0x0000002fe0e00000,0x0000002fe0f00000)]
  0x000001f223b3c800 JavaThread "Keep-Alive-Timer" daemon [_thread_blocked, id=9980, stack(0x0000002fe0100000,0x0000002fe0200000)]
  0x000001f228150800 JavaThread "C2 CompilerThread1" daemon [_thread_blocked, id=8816, stack(0x0000002fe0f00000,0x0000002fe1000000)]
  0x000001f223b46000 JavaThread "Execution worker for ':'" [_thread_blocked, id=6436, stack(0x0000002fe1000000,0x0000002fe1100000)]
  0x000001f223b45800 JavaThread "Execution worker for ':' Thread 2" [_thread_blocked, id=6308, stack(0x0000002fe1100000,0x0000002fe1200000)]
  0x000001f223b47000 JavaThread "Execution worker for ':' Thread 3" [_thread_blocked, id=5380, stack(0x0000002fe1200000,0x0000002fe1300000)]
  0x000001f223b43000 JavaThread "Execution worker for ':' Thread 4" [_thread_blocked, id=8792, stack(0x0000002fe1300000,0x0000002fe1400000)]
  0x000001f223b48000 JavaThread "Execution worker for ':' Thread 5" [_thread_blocked, id=976, stack(0x0000002fe1400000,0x0000002fe1500000)]
  0x000001f223a27000 JavaThread "Cache worker for execution history cache (G:\Android\AudioVideo\.gradle\7.0.2\executionHistory)" [_thread_blocked, id=3840, stack(0x0000002fe1500000,0x0000002fe1600000)]
  0x000001f223a22000 JavaThread "WorkerExecutor Queue" [_thread_blocked, id=2788, stack(0x0000002fe1600000,0x0000002fe1700000)]
  0x000001f229354000 JavaThread "WorkerExecutor Queue Thread 2" [_thread_blocked, id=6896, stack(0x0000002fe1700000,0x0000002fe1800000)]

Other Threads:
  0x000001f220eab000 VMThread "VM Thread" [stack: 0x0000002fdda00000,0x0000002fddb00000] [id=2208]
  0x000001f2219b1800 WatcherThread [stack: 0x0000002fde400000,0x0000002fde500000] [id=7908]
  0x000001f206e94800 GCTaskThread "GC Thread#0" [stack: 0x0000002fdd500000,0x0000002fdd600000] [id=3380]
  0x000001f222375800 GCTaskThread "GC Thread#1" [stack: 0x0000002fde600000,0x0000002fde700000] [id=7576]
  0x000001f22244a800 GCTaskThread "GC Thread#2" [stack: 0x0000002fde700000,0x0000002fde800000] [id=9736]
  0x000001f2236e3000 GCTaskThread "GC Thread#3" [stack: 0x0000002fdf200000,0x0000002fdf300000] [id=4872]
  0x000001f223387800 GCTaskThread "GC Thread#4" [stack: 0x0000002fdf300000,0x0000002fdf400000] [id=5348]
  0x000001f223388000 GCTaskThread "GC Thread#5" [stack: 0x0000002fdf400000,0x0000002fdf500000] [id=636]
  0x000001f206ec9000 ConcurrentGCThread "G1 Main Marker" [stack: 0x0000002fdd600000,0x0000002fdd700000] [id=7620]
  0x000001f206eca800 ConcurrentGCThread "G1 Conc#0" [stack: 0x0000002fdd700000,0x0000002fdd800000] [id=3188]
  0x000001f2238af800 ConcurrentGCThread "G1 Conc#1" [stack: 0x0000002fdf700000,0x0000002fdf800000] [id=5412]
  0x000001f206f4d800 ConcurrentGCThread "G1 Refine#0" [stack: 0x0000002fdd800000,0x0000002fdd900000] [id=4828]
  0x000001f220cf8800 ConcurrentGCThread "G1 Young RemSet Sampling" [stack: 0x0000002fdd900000,0x0000002fdda00000] [id=8860]

Threads with active compile tasks:

VM state:not at safepoint (normal execution)

VM Mutex/Monitor currently owned by a thread: None

Heap address: 0x0000000080000000, size: 2048 MB, Compressed Oops mode: 32-bit
Narrow klass base: 0x0000000000000000, Narrow klass shift: 3
Compressed class space size: 1073741824 Address: 0x0000000100000000

Heap:
 garbage-first heap   total 270336K, used 185722K [0x0000000080000000, 0x0000000100000000)
  region size 1024K, 76 young (77824K), 8 survivors (8192K)
 Metaspace       used 118093K, capacity 121475K, committed 121588K, reserved 1155072K
  class space    used 14659K, capacity 15889K, committed 15948K, reserved 1048576K
Heap Regions: E=young(eden), S=young(survivor), O=old, HS=humongous(starts), HC=humongous(continues), CS=collection set, F=free, A=archive, TAMS=top-at-mark-start (previous, next)
|   0|0x0000000080000000, 0x0000000080100000, 0x0000000080100000|100%| O|  |TAMS 0x0000000080100000, 0x0000000080000000| Untracked 
|   1|0x0000000080100000, 0x0000000080200000, 0x0000000080200000|100%| O|  |TAMS 0x0000000080200000, 0x0000000080100000| Untracked 
|   2|0x0000000080200000, 0x0000000080300000, 0x0000000080300000|100%| O|  |TAMS 0x0000000080300000, 0x0000000080200000| Untracked 
|   3|0x0000000080300000, 0x0000000080400000, 0x0000000080400000|100%|HS|  |TAMS 0x0000000080400000, 0x0000000080300000| Complete 
|   4|0x0000000080400000, 0x0000000080500000, 0x0000000080500000|100%|HC|  |TAMS 0x0000000080500000, 0x0000000080400000| Complete 
|   5|0x0000000080500000, 0x0000000080600000, 0x0000000080600000|100%|HC|  |TAMS 0x0000000080600000, 0x0000000080500000| Complete 
|   6|0x0000000080600000, 0x0000000080700000, 0x0000000080700000|100%| O|  |TAMS 0x0000000080700000, 0x0000000080600000| Untracked 
|   7|0x0000000080700000, 0x0000000080800000, 0x0000000080800000|100%| O|  |TAMS 0x0000000080800000, 0x0000000080700000| Untracked 
|   8|0x0000000080800000, 0x0000000080900000, 0x0000000080900000|100%| O|  |TAMS 0x0000000080900000, 0x0000000080800000| Untracked 
|   9|0x0000000080900000, 0x0000000080a00000, 0x0000000080a00000|100%| O|  |TAMS 0x0000000080a00000, 0x0000000080900000| Untracked 
|  10|0x0000000080a00000, 0x0000000080b00000, 0x0000000080b00000|100%| O|  |TAMS 0x0000000080b00000, 0x0000000080a00000| Untracked 
|  11|0x0000000080b00000, 0x0000000080c00000, 0x0000000080c00000|100%| O|  |TAMS 0x0000000080c00000, 0x0000000080b00000| Untracked 
|  12|0x0000000080c00000, 0x0000000080d00000, 0x0000000080d00000|100%| O|  |TAMS 0x0000000080d00000, 0x0000000080c00000| Untracked 
|  13|0x0000000080d00000, 0x0000000080e00000, 0x0000000080e00000|100%| O|  |TAMS 0x0000000080e00000, 0x0000000080d00000| Untracked 
|  14|0x0000000080e00000, 0x0000000080f00000, 0x0000000080f00000|100%| O|  |TAMS 0x0000000080f00000, 0x0000000080e00000| Untracked 
|  15|0x0000000080f00000, 0x0000000081000000, 0x0000000081000000|100%| O|  |TAMS 0x0000000081000000, 0x0000000080f00000| Untracked 
|  16|0x0000000081000000, 0x0000000081100000, 0x0000000081100000|100%|HS|  |TAMS 0x0000000081100000, 0x0000000081000000| Complete 
|  17|0x0000000081100000, 0x0000000081200000, 0x0000000081200000|100%|HC|  |TAMS 0x0000000081200000, 0x0000000081100000| Complete 
|  18|0x0000000081200000, 0x0000000081300000, 0x0000000081300000|100%|HS|  |TAMS 0x0000000081300000, 0x0000000081200000| Complete 
|  19|0x0000000081300000, 0x0000000081400000, 0x0000000081400000|100%|HC|  |TAMS 0x0000000081400000, 0x0000000081300000| Complete 
|  20|0x0000000081400000, 0x0000000081500000, 0x0000000081500000|100%|HC|  |TAMS 0x0000000081500000, 0x0000000081400000| Complete 
|  21|0x0000000081500000, 0x0000000081600000, 0x0000000081600000|100%|HS|  |TAMS 0x0000000081600000, 0x0000000081500000| Complete 
|  22|0x0000000081600000, 0x0000000081700000, 0x0000000081700000|100%|HC|  |TAMS 0x0000000081700000, 0x0000000081600000| Complete 
|  23|0x0000000081700000, 0x0000000081800000, 0x0000000081800000|100%|HC|  |TAMS 0x0000000081800000, 0x0000000081700000| Complete 
|  24|0x0000000081800000, 0x0000000081900000, 0x0000000081900000|100%|HC|  |TAMS 0x0000000081900000, 0x0000000081800000| Complete 
|  25|0x0000000081900000, 0x0000000081a00000, 0x0000000081a00000|100%|HC|  |TAMS 0x0000000081a00000, 0x0000000081900000| Complete 
|  26|0x0000000081a00000, 0x0000000081b00000, 0x0000000081b00000|100%| O|  |TAMS 0x0000000081b00000, 0x0000000081a00000| Untracked 
|  27|0x0000000081b00000, 0x0000000081c00000, 0x0000000081c00000|100%| O|  |TAMS 0x0000000081c00000, 0x0000000081b00000| Untracked 
|  28|0x0000000081c00000, 0x0000000081d00000, 0x0000000081d00000|100%| O|  |TAMS 0x0000000081d00000, 0x0000000081c00000| Untracked 
|  29|0x0000000081d00000, 0x0000000081e00000, 0x0000000081e00000|100%| O|  |TAMS 0x0000000081e00000, 0x0000000081d00000| Untracked 
|  30|0x0000000081e00000, 0x0000000081f00000, 0x0000000081f00000|100%| O|  |TAMS 0x0000000081f00000, 0x0000000081e00000| Untracked 
|  31|0x0000000081f00000, 0x0000000082000000, 0x0000000082000000|100%| O|  |TAMS 0x0000000082000000, 0x0000000081f00000| Untracked 
|  32|0x0000000082000000, 0x0000000082100000, 0x0000000082100000|100%| O|  |TAMS 0x0000000082100000, 0x0000000082000000| Untracked 
|  33|0x0000000082100000, 0x0000000082200000, 0x0000000082200000|100%| O|  |TAMS 0x0000000082200000, 0x0000000082100000| Untracked 
|  34|0x0000000082200000, 0x0000000082300000, 0x0000000082300000|100%| O|  |TAMS 0x0000000082300000, 0x0000000082200000| Untracked 
|  35|0x0000000082300000, 0x0000000082400000, 0x0000000082400000|100%| O|  |TAMS 0x0000000082400000, 0x0000000082300000| Untracked 
|  36|0x0000000082400000, 0x0000000082500000, 0x0000000082500000|100%| O|  |TAMS 0x0000000082500000, 0x0000000082400000| Untracked 
|  37|0x0000000082500000, 0x0000000082600000, 0x0000000082600000|100%| O|  |TAMS 0x0000000082600000, 0x0000000082500000| Untracked 
|  38|0x0000000082600000, 0x0000000082700000, 0x0000000082700000|100%| O|  |TAMS 0x0000000082700000, 0x0000000082600000| Untracked 
|  39|0x0000000082700000, 0x0000000082800000, 0x0000000082800000|100%| O|  |TAMS 0x0000000082800000, 0x0000000082700000| Untracked 
|  40|0x0000000082800000, 0x0000000082900000, 0x0000000082900000|100%| O|  |TAMS 0x0000000082900000, 0x0000000082800000| Untracked 
|  41|0x0000000082900000, 0x0000000082a00000, 0x0000000082a00000|100%| O|  |TAMS 0x0000000082a00000, 0x0000000082900000| Untracked 
|  42|0x0000000082a00000, 0x0000000082b00000, 0x0000000082b00000|100%| O|  |TAMS 0x0000000082b00000, 0x0000000082a00000| Untracked 
|  43|0x0000000082b00000, 0x0000000082c00000, 0x0000000082c00000|100%| O|  |TAMS 0x0000000082b00000, 0x0000000082b00000| Untracked 
|  44|0x0000000082c00000, 0x0000000082d00000, 0x0000000082d00000|100%| O|  |TAMS 0x0000000082d00000, 0x0000000082c00000| Untracked 
|  45|0x0000000082d00000, 0x0000000082e00000, 0x0000000082e00000|100%| O|  |TAMS 0x0000000082e00000, 0x0000000082d00000| Untracked 
|  46|0x0000000082e00000, 0x0000000082f00000, 0x0000000082f00000|100%|HS|  |TAMS 0x0000000082f00000, 0x0000000082e00000| Complete 
|  47|0x0000000082f00000, 0x0000000083000000, 0x0000000083000000|100%|HC|  |TAMS 0x0000000083000000, 0x0000000082f00000| Complete 
|  48|0x0000000083000000, 0x0000000083100000, 0x0000000083100000|100%|HC|  |TAMS 0x0000000083100000, 0x0000000083000000| Complete 
|  49|0x0000000083100000, 0x0000000083200000, 0x0000000083200000|100%|HC|  |TAMS 0x0000000083200000, 0x0000000083100000| Complete 
|  50|0x0000000083200000, 0x0000000083300000, 0x0000000083300000|100%|HC|  |TAMS 0x0000000083300000, 0x0000000083200000| Complete 
|  51|0x0000000083300000, 0x0000000083400000, 0x0000000083400000|100%| O|  |TAMS 0x0000000083400000, 0x0000000083300000| Untracked 
|  52|0x0000000083400000, 0x0000000083500000, 0x0000000083500000|100%| O|  |TAMS 0x0000000083500000, 0x0000000083400000| Untracked 
|  53|0x0000000083500000, 0x0000000083600000, 0x0000000083600000|100%| O|  |TAMS 0x0000000083600000, 0x0000000083500000| Untracked 
|  54|0x0000000083600000, 0x0000000083700000, 0x0000000083700000|100%|HS|  |TAMS 0x0000000083700000, 0x0000000083600000| Complete 
|  55|0x0000000083700000, 0x0000000083800000, 0x0000000083800000|100%|HC|  |TAMS 0x0000000083800000, 0x0000000083700000| Complete 
|  56|0x0000000083800000, 0x0000000083900000, 0x0000000083900000|100%|HC|  |TAMS 0x0000000083900000, 0x0000000083800000| Complete 
|  57|0x0000000083900000, 0x0000000083a00000, 0x0000000083a00000|100%| O|  |TAMS 0x0000000083a00000, 0x0000000083900000| Untracked 
|  58|0x0000000083a00000, 0x0000000083b00000, 0x0000000083b00000|100%| O|  |TAMS 0x0000000083b00000, 0x0000000083a00000| Untracked 
|  59|0x0000000083b00000, 0x0000000083c00000, 0x0000000083c00000|100%| O|  |TAMS 0x0000000083c00000, 0x0000000083b00000| Untracked 
|  60|0x0000000083c00000, 0x0000000083d00000, 0x0000000083d00000|100%| O|  |TAMS 0x0000000083d00000, 0x0000000083c00000| Untracked 
|  61|0x0000000083d00000, 0x0000000083e00000, 0x0000000083e00000|100%| O|  |TAMS 0x0000000083e00000, 0x0000000083d00000| Untracked 
|  62|0x0000000083e00000, 0x0000000083f00000, 0x0000000083f00000|100%| O|  |TAMS 0x0000000083f00000, 0x0000000083e00000| Untracked 
|  63|0x0000000083f00000, 0x0000000084000000, 0x0000000084000000|100%| O|  |TAMS 0x0000000084000000, 0x0000000083f00000| Untracked 
|  64|0x0000000084000000, 0x0000000084100000, 0x0000000084100000|100%| O|  |TAMS 0x0000000084100000, 0x0000000084000000| Untracked 
|  65|0x0000000084100000, 0x0000000084200000, 0x0000000084200000|100%| O|  |TAMS 0x0000000084200000, 0x0000000084100000| Untracked 
|  66|0x0000000084200000, 0x0000000084300000, 0x0000000084300000|100%|HS|  |TAMS 0x0000000084300000, 0x0000000084200000| Complete 
|  67|0x0000000084300000, 0x0000000084400000, 0x0000000084400000|100%| O|  |TAMS 0x0000000084400000, 0x0000000084300000| Untracked 
|  68|0x0000000084400000, 0x00000000844ffff8, 0x0000000084500000| 99%| O|  |TAMS 0x00000000844ffff8, 0x0000000084400000| Untracked 
|  69|0x0000000084500000, 0x0000000084600000, 0x0000000084600000|100%| O|  |TAMS 0x0000000084600000, 0x0000000084500000| Untracked 
|  70|0x0000000084600000, 0x0000000084700000, 0x0000000084700000|100%|HS|  |TAMS 0x0000000084700000, 0x0000000084600000| Complete 
|  71|0x0000000084700000, 0x0000000084800000, 0x0000000084800000|100%| O|  |TAMS 0x0000000084800000, 0x0000000084700000| Untracked 
|  72|0x0000000084800000, 0x0000000084900000, 0x0000000084900000|100%| O|  |TAMS 0x0000000084900000, 0x0000000084800000| Untracked 
|  73|0x0000000084900000, 0x0000000084a00000, 0x0000000084a00000|100%| O|  |TAMS 0x0000000084a00000, 0x0000000084900000| Untracked 
|  74|0x0000000084a00000, 0x0000000084b00000, 0x0000000084b00000|100%|HS|  |TAMS 0x0000000084b00000, 0x0000000084a00000| Complete 
|  75|0x0000000084b00000, 0x0000000084c00000, 0x0000000084c00000|100%|HC|  |TAMS 0x0000000084c00000, 0x0000000084b00000| Complete 
|  76|0x0000000084c00000, 0x0000000084d00000, 0x0000000084d00000|100%| O|  |TAMS 0x0000000084d00000, 0x0000000084c00000| Untracked 
|  77|0x0000000084d00000, 0x0000000084e00000, 0x0000000084e00000|100%| O|  |TAMS 0x0000000084e00000, 0x0000000084d00000| Untracked 
|  78|0x0000000084e00000, 0x0000000084f00000, 0x0000000084f00000|100%| O|  |TAMS 0x0000000084f00000, 0x0000000084e00000| Untracked 
|  79|0x0000000084f00000, 0x0000000085000000, 0x0000000085000000|100%| O|  |TAMS 0x0000000085000000, 0x0000000084f00000| Untracked 
|  80|0x0000000085000000, 0x0000000085100000, 0x0000000085100000|100%| O|  |TAMS 0x0000000085100000, 0x0000000085000000| Untracked 
|  81|0x0000000085100000, 0x0000000085200000, 0x0000000085200000|100%| O|  |TAMS 0x0000000085200000, 0x0000000085100000| Untracked 
|  82|0x0000000085200000, 0x0000000085300000, 0x0000000085300000|100%| O|  |TAMS 0x0000000085300000, 0x0000000085200000| Untracked 
|  83|0x0000000085300000, 0x0000000085400000, 0x0000000085400000|100%| O|  |TAMS 0x0000000085400000, 0x0000000085300000| Untracked 
|  84|0x0000000085400000, 0x0000000085500000, 0x0000000085500000|100%| O|  |TAMS 0x0000000085500000, 0x0000000085400000| Untracked 
|  85|0x0000000085500000, 0x0000000085600000, 0x0000000085600000|100%| O|  |TAMS 0x0000000085600000, 0x0000000085500000| Untracked 
|  86|0x0000000085600000, 0x0000000085700000, 0x0000000085700000|100%| O|  |TAMS 0x0000000085700000, 0x0000000085600000| Untracked 
|  87|0x0000000085700000, 0x0000000085800000, 0x0000000085800000|100%| O|  |TAMS 0x0000000085800000, 0x0000000085700000| Untracked 
|  88|0x0000000085800000, 0x0000000085900000, 0x0000000085900000|100%| O|  |TAMS 0x0000000085900000, 0x0000000085800000| Untracked 
|  89|0x0000000085900000, 0x0000000085a00000, 0x0000000085a00000|100%| O|  |TAMS 0x0000000085a00000, 0x0000000085900000| Untracked 
|  90|0x0000000085a00000, 0x0000000085b00000, 0x0000000085b00000|100%| O|  |TAMS 0x0000000085b00000, 0x0000000085a00000| Untracked 
|  91|0x0000000085b00000, 0x0000000085c00000, 0x0000000085c00000|100%| O|  |TAMS 0x0000000085c00000, 0x0000000085b00000| Untracked 
|  92|0x0000000085c00000, 0x0000000085d00000, 0x0000000085d00000|100%| O|  |TAMS 0x0000000085d00000, 0x0000000085c00000| Untracked 
|  93|0x0000000085d00000, 0x0000000085e00000, 0x0000000085e00000|100%| O|  |TAMS 0x0000000085d7e200, 0x0000000085d00000| Untracked 
|  94|0x0000000085e00000, 0x0000000085f00000, 0x0000000085f00000|100%| O|  |TAMS 0x0000000085e00000, 0x0000000085e00000| Untracked 
|  95|0x0000000085f00000, 0x0000000086000000, 0x0000000086000000|100%| O|  |TAMS 0x0000000085f00000, 0x0000000085f00000| Untracked 
|  96|0x0000000086000000, 0x0000000086100000, 0x0000000086100000|100%| O|  |TAMS 0x0000000086000000, 0x0000000086000000| Untracked 
|  97|0x0000000086100000, 0x0000000086200000, 0x0000000086200000|100%| O|  |TAMS 0x0000000086100000, 0x0000000086100000| Untracked 
|  98|0x0000000086200000, 0x0000000086300000, 0x0000000086300000|100%| O|  |TAMS 0x0000000086200000, 0x0000000086200000| Untracked 
|  99|0x0000000086300000, 0x0000000086400000, 0x0000000086400000|100%| O|  |TAMS 0x0000000086300000, 0x0000000086300000| Untracked 
| 100|0x0000000086400000, 0x0000000086500000, 0x0000000086500000|100%| O|  |TAMS 0x0000000086400000, 0x0000000086400000| Untracked 
| 101|0x0000000086500000, 0x0000000086600000, 0x0000000086600000|100%| O|  |TAMS 0x0000000086500000, 0x0000000086500000| Untracked 
| 102|0x0000000086600000, 0x0000000086700000, 0x0000000086700000|100%| O|  |TAMS 0x0000000086600000, 0x0000000086600000| Untracked 
| 103|0x0000000086700000, 0x0000000086800000, 0x0000000086800000|100%| O|  |TAMS 0x0000000086700000, 0x0000000086700000| Untracked 
| 104|0x0000000086800000, 0x0000000086900000, 0x0000000086900000|100%| O|  |TAMS 0x0000000086800000, 0x0000000086800000| Untracked 
| 105|0x0000000086900000, 0x0000000086a00000, 0x0000000086a00000|100%| O|  |TAMS 0x0000000086900000, 0x0000000086900000| Untracked 
| 106|0x0000000086a00000, 0x0000000086b00000, 0x0000000086b00000|100%| O|  |TAMS 0x0000000086a00000, 0x0000000086a00000| Untracked 
| 107|0x0000000086b00000, 0x0000000086c00000, 0x0000000086c00000|100%| O|  |TAMS 0x0000000086b00000, 0x0000000086b00000| Untracked 
| 108|0x0000000086c00000, 0x0000000086c23200, 0x0000000086d00000| 13%| O|  |TAMS 0x0000000086c00000, 0x0000000086c00000| Untracked 
| 109|0x0000000086d00000, 0x0000000086d00000, 0x0000000086e00000|  0%| F|  |TAMS 0x0000000086d00000, 0x0000000086d00000| Untracked 
| 110|0x0000000086e00000, 0x0000000086e00000, 0x0000000086f00000|  0%| F|  |TAMS 0x0000000086e00000, 0x0000000086e00000| Untracked 
| 111|0x0000000086f00000, 0x0000000086f00000, 0x0000000087000000|  0%| F|  |TAMS 0x0000000086f00000, 0x0000000086f00000| Untracked 
| 112|0x0000000087000000, 0x0000000087000000, 0x0000000087100000|  0%| F|  |TAMS 0x0000000087000000, 0x0000000087000000| Untracked 
| 113|0x0000000087100000, 0x0000000087100000, 0x0000000087200000|  0%| F|  |TAMS 0x0000000087100000, 0x0000000087100000| Untracked 
| 114|0x0000000087200000, 0x0000000087200000, 0x0000000087300000|  0%| F|  |TAMS 0x0000000087200000, 0x0000000087200000| Untracked 
| 115|0x0000000087300000, 0x0000000087300000, 0x0000000087400000|  0%| F|  |TAMS 0x0000000087300000, 0x0000000087300000| Untracked 
| 116|0x0000000087400000, 0x0000000087400000, 0x0000000087500000|  0%| F|  |TAMS 0x0000000087400000, 0x0000000087400000| Untracked 
| 117|0x0000000087500000, 0x0000000087500000, 0x0000000087600000|  0%| F|  |TAMS 0x0000000087500000, 0x0000000087500000| Untracked 
| 118|0x0000000087600000, 0x0000000087600000, 0x0000000087700000|  0%| F|  |TAMS 0x0000000087600000, 0x0000000087600000| Untracked 
| 119|0x0000000087700000, 0x0000000087700000, 0x0000000087800000|  0%| F|  |TAMS 0x0000000087700000, 0x0000000087700000| Untracked 
| 120|0x0000000087800000, 0x0000000087800000, 0x0000000087900000|  0%| F|  |TAMS 0x0000000087800000, 0x0000000087800000| Untracked 
| 121|0x0000000087900000, 0x0000000087900000, 0x0000000087a00000|  0%| F|  |TAMS 0x0000000087900000, 0x0000000087900000| Untracked 
| 122|0x0000000087a00000, 0x0000000087a00000, 0x0000000087b00000|  0%| F|  |TAMS 0x0000000087a00000, 0x0000000087a00000| Untracked 
| 123|0x0000000087b00000, 0x0000000087b00000, 0x0000000087c00000|  0%| F|  |TAMS 0x0000000087b00000, 0x0000000087b00000| Untracked 
| 124|0x0000000087c00000, 0x0000000087c00000, 0x0000000087d00000|  0%| F|  |TAMS 0x0000000087c00000, 0x0000000087c00000| Untracked 
| 125|0x0000000087d00000, 0x0000000087d00000, 0x0000000087e00000|  0%| F|  |TAMS 0x0000000087d00000, 0x0000000087d00000| Untracked 
| 126|0x0000000087e00000, 0x0000000087e00000, 0x0000000087f00000|  0%| F|  |TAMS 0x0000000087e00000, 0x0000000087e00000| Untracked 
| 127|0x0000000087f00000, 0x0000000087f00000, 0x0000000088000000|  0%| F|  |TAMS 0x0000000087f00000, 0x0000000087f00000| Untracked 
| 128|0x0000000088000000, 0x0000000088000000, 0x0000000088100000|  0%| F|  |TAMS 0x0000000088000000, 0x0000000088000000| Untracked 
| 129|0x0000000088100000, 0x0000000088100000, 0x0000000088200000|  0%| F|  |TAMS 0x0000000088100000, 0x0000000088100000| Untracked 
| 130|0x0000000088200000, 0x0000000088200000, 0x0000000088300000|  0%| F|  |TAMS 0x0000000088200000, 0x0000000088200000| Untracked 
| 131|0x0000000088300000, 0x0000000088300000, 0x0000000088400000|  0%| F|  |TAMS 0x0000000088300000, 0x0000000088300000| Untracked 
| 132|0x0000000088400000, 0x0000000088400000, 0x0000000088500000|  0%| F|  |TAMS 0x0000000088400000, 0x0000000088400000| Untracked 
| 133|0x0000000088500000, 0x0000000088500000, 0x0000000088600000|  0%| F|  |TAMS 0x0000000088500000, 0x0000000088500000| Untracked 
| 134|0x0000000088600000, 0x0000000088600000, 0x0000000088700000|  0%| F|  |TAMS 0x0000000088600000, 0x0000000088600000| Untracked 
| 135|0x0000000088700000, 0x0000000088700000, 0x0000000088800000|  0%| F|  |TAMS 0x0000000088700000, 0x0000000088700000| Untracked 
| 136|0x0000000088800000, 0x0000000088800000, 0x0000000088900000|  0%| F|  |TAMS 0x0000000088800000, 0x0000000088800000| Untracked 
| 137|0x0000000088900000, 0x0000000088900000, 0x0000000088a00000|  0%| F|  |TAMS 0x0000000088900000, 0x0000000088900000| Untracked 
| 138|0x0000000088a00000, 0x0000000088a00000, 0x0000000088b00000|  0%| F|  |TAMS 0x0000000088a00000, 0x0000000088a00000| Untracked 
| 139|0x0000000088b00000, 0x0000000088b00000, 0x0000000088c00000|  0%| F|  |TAMS 0x0000000088b00000, 0x0000000088b00000| Untracked 
| 140|0x0000000088c00000, 0x0000000088c3b7a8, 0x0000000088d00000| 23%| S|CS|TAMS 0x0000000088c00000, 0x0000000088c00000| Complete 
| 141|0x0000000088d00000, 0x0000000088d00000, 0x0000000088e00000|  0%| F|  |TAMS 0x0000000088d00000, 0x0000000088d00000| Untracked 
| 142|0x0000000088e00000, 0x0000000088e00000, 0x0000000088f00000|  0%| F|  |TAMS 0x0000000088e00000, 0x0000000088e00000| Untracked 
| 143|0x0000000088f00000, 0x0000000088f00000, 0x0000000089000000|  0%| F|  |TAMS 0x0000000088f00000, 0x0000000088f00000| Untracked 
| 144|0x0000000089000000, 0x0000000089000000, 0x0000000089100000|  0%| F|  |TAMS 0x0000000089000000, 0x0000000089000000| Untracked 
| 145|0x0000000089100000, 0x0000000089100000, 0x0000000089200000|  0%| F|  |TAMS 0x0000000089100000, 0x0000000089100000| Untracked 
| 146|0x0000000089200000, 0x0000000089200000, 0x0000000089300000|  0%| F|  |TAMS 0x0000000089200000, 0x0000000089200000| Untracked 
| 147|0x0000000089300000, 0x0000000089300000, 0x0000000089400000|  0%| F|  |TAMS 0x0000000089300000, 0x0000000089300000| Untracked 
| 148|0x0000000089400000, 0x0000000089400000, 0x0000000089500000|  0%| F|  |TAMS 0x0000000089400000, 0x0000000089400000| Untracked 
| 149|0x0000000089500000, 0x0000000089600000, 0x0000000089600000|100%| S|CS|TAMS 0x0000000089500000, 0x0000000089500000| Complete 
| 150|0x0000000089600000, 0x0000000089700000, 0x0000000089700000|100%| S|CS|TAMS 0x0000000089600000, 0x0000000089600000| Complete 
| 151|0x0000000089700000, 0x0000000089800000, 0x0000000089800000|100%| S|CS|TAMS 0x0000000089700000, 0x0000000089700000| Complete 
| 152|0x0000000089800000, 0x0000000089900000, 0x0000000089900000|100%| S|CS|TAMS 0x0000000089800000, 0x0000000089800000| Complete 
| 153|0x0000000089900000, 0x0000000089a00000, 0x0000000089a00000|100%| S|CS|TAMS 0x0000000089900000, 0x0000000089900000| Complete 
| 154|0x0000000089a00000, 0x0000000089b00000, 0x0000000089b00000|100%| S|CS|TAMS 0x0000000089a00000, 0x0000000089a00000| Complete 
| 155|0x0000000089b00000, 0x0000000089c00000, 0x0000000089c00000|100%| S|CS|TAMS 0x0000000089b00000, 0x0000000089b00000| Complete 
| 156|0x0000000089c00000, 0x0000000089c00000, 0x0000000089d00000|  0%| F|  |TAMS 0x0000000089c00000, 0x0000000089c00000| Untracked 
| 157|0x0000000089d00000, 0x0000000089d00000, 0x0000000089e00000|  0%| F|  |TAMS 0x0000000089d00000, 0x0000000089d00000| Untracked 
| 158|0x0000000089e00000, 0x0000000089e00000, 0x0000000089f00000|  0%| F|  |TAMS 0x0000000089e00000, 0x0000000089e00000| Untracked 
| 159|0x0000000089f00000, 0x0000000089f00000, 0x000000008a000000|  0%| F|  |TAMS 0x0000000089f00000, 0x0000000089f00000| Untracked 
| 160|0x000000008a000000, 0x000000008a000000, 0x000000008a100000|  0%| F|  |TAMS 0x000000008a000000, 0x000000008a000000| Untracked 
| 161|0x000000008a100000, 0x000000008a100000, 0x000000008a200000|  0%| F|  |TAMS 0x000000008a100000, 0x000000008a100000| Untracked 
| 162|0x000000008a200000, 0x000000008a200000, 0x000000008a300000|  0%| F|  |TAMS 0x000000008a200000, 0x000000008a200000| Untracked 
| 163|0x000000008a300000, 0x000000008a300000, 0x000000008a400000|  0%| F|  |TAMS 0x000000008a300000, 0x000000008a300000| Untracked 
| 164|0x000000008a400000, 0x000000008a400000, 0x000000008a500000|  0%| F|  |TAMS 0x000000008a400000, 0x000000008a400000| Untracked 
| 165|0x000000008a500000, 0x000000008a500000, 0x000000008a600000|  0%| F|  |TAMS 0x000000008a500000, 0x000000008a500000| Untracked 
| 166|0x000000008a600000, 0x000000008a600000, 0x000000008a700000|  0%| F|  |TAMS 0x000000008a600000, 0x000000008a600000| Untracked 
| 167|0x000000008a700000, 0x000000008a700000, 0x000000008a800000|  0%| F|  |TAMS 0x000000008a700000, 0x000000008a700000| Untracked 
| 168|0x000000008a800000, 0x000000008a800000, 0x000000008a900000|  0%| F|  |TAMS 0x000000008a800000, 0x000000008a800000| Untracked 
| 169|0x000000008a900000, 0x000000008a900000, 0x000000008aa00000|  0%| F|  |TAMS 0x000000008a900000, 0x000000008a900000| Untracked 
| 170|0x000000008aa00000, 0x000000008aa00000, 0x000000008ab00000|  0%| F|  |TAMS 0x000000008aa00000, 0x000000008aa00000| Untracked 
| 171|0x000000008ab00000, 0x000000008ab00000, 0x000000008ac00000|  0%| F|  |TAMS 0x000000008ab00000, 0x000000008ab00000| Untracked 
| 172|0x000000008ac00000, 0x000000008ac00000, 0x000000008ad00000|  0%| F|  |TAMS 0x000000008ac00000, 0x000000008ac00000| Untracked 
| 173|0x000000008ad00000, 0x000000008ad00000, 0x000000008ae00000|  0%| F|  |TAMS 0x000000008ad00000, 0x000000008ad00000| Untracked 
| 174|0x000000008ae00000, 0x000000008ae00000, 0x000000008af00000|  0%| F|  |TAMS 0x000000008ae00000, 0x000000008ae00000| Untracked 
| 175|0x000000008af00000, 0x000000008af00000, 0x000000008b000000|  0%| F|  |TAMS 0x000000008af00000, 0x000000008af00000| Untracked 
| 176|0x000000008b000000, 0x000000008b000000, 0x000000008b100000|  0%| F|  |TAMS 0x000000008b000000, 0x000000008b000000| Untracked 
| 177|0x000000008b100000, 0x000000008b100000, 0x000000008b200000|  0%| F|  |TAMS 0x000000008b100000, 0x000000008b100000| Untracked 
| 178|0x000000008b200000, 0x000000008b200000, 0x000000008b300000|  0%| F|  |TAMS 0x000000008b200000, 0x000000008b200000| Untracked 
| 179|0x000000008b300000, 0x000000008b300000, 0x000000008b400000|  0%| F|  |TAMS 0x000000008b300000, 0x000000008b300000| Untracked 
| 180|0x000000008b400000, 0x000000008b400000, 0x000000008b500000|  0%| F|  |TAMS 0x000000008b400000, 0x000000008b400000| Untracked 
| 181|0x000000008b500000, 0x000000008b500000, 0x000000008b600000|  0%| F|  |TAMS 0x000000008b500000, 0x000000008b500000| Untracked 
| 182|0x000000008b600000, 0x000000008b600000, 0x000000008b700000|  0%| F|  |TAMS 0x000000008b600000, 0x000000008b600000| Untracked 
| 183|0x000000008b700000, 0x000000008b700000, 0x000000008b800000|  0%| F|  |TAMS 0x000000008b700000, 0x000000008b700000| Untracked 
| 184|0x000000008b800000, 0x000000008b800000, 0x000000008b900000|  0%| F|  |TAMS 0x000000008b800000, 0x000000008b800000| Untracked 
| 185|0x000000008b900000, 0x000000008b900000, 0x000000008ba00000|  0%| F|  |TAMS 0x000000008b900000, 0x000000008b900000| Untracked 
| 186|0x000000008ba00000, 0x000000008ba00000, 0x000000008bb00000|  0%| F|  |TAMS 0x000000008ba00000, 0x000000008ba00000| Untracked 
| 187|0x000000008bb00000, 0x000000008bb00000, 0x000000008bc00000|  0%| F|  |TAMS 0x000000008bb00000, 0x000000008bb00000| Untracked 
| 188|0x000000008bc00000, 0x000000008bc00000, 0x000000008bd00000|  0%| F|  |TAMS 0x000000008bc00000, 0x000000008bc00000| Untracked 
| 189|0x000000008bd00000, 0x000000008bd00000, 0x000000008be00000|  0%| F|  |TAMS 0x000000008bd00000, 0x000000008bd00000| Untracked 
| 190|0x000000008be00000, 0x000000008be00000, 0x000000008bf00000|  0%| F|  |TAMS 0x000000008be00000, 0x000000008be00000| Untracked 
| 191|0x000000008bf00000, 0x000000008bf00000, 0x000000008c000000|  0%| F|  |TAMS 0x000000008bf00000, 0x000000008bf00000| Untracked 
| 192|0x000000008c000000, 0x000000008c000000, 0x000000008c100000|  0%| F|  |TAMS 0x000000008c000000, 0x000000008c000000| Untracked 
| 193|0x000000008c100000, 0x000000008c100000, 0x000000008c200000|  0%| F|  |TAMS 0x000000008c100000, 0x000000008c100000| Untracked 
| 194|0x000000008c200000, 0x000000008c200000, 0x000000008c300000|  0%| F|  |TAMS 0x000000008c200000, 0x000000008c200000| Untracked 
| 195|0x000000008c300000, 0x000000008c300000, 0x000000008c400000|  0%| F|  |TAMS 0x000000008c300000, 0x000000008c300000| Untracked 
| 196|0x000000008c400000, 0x000000008c40f728, 0x000000008c500000|  6%| E|  |TAMS 0x000000008c400000, 0x000000008c400000| Complete 
| 197|0x000000008c500000, 0x000000008c600000, 0x000000008c600000|100%| E|CS|TAMS 0x000000008c500000, 0x000000008c500000| Complete 
| 198|0x000000008c600000, 0x000000008c700000, 0x000000008c700000|100%| E|CS|TAMS 0x000000008c600000, 0x000000008c600000| Complete 
| 199|0x000000008c700000, 0x000000008c800000, 0x000000008c800000|100%| E|CS|TAMS 0x000000008c700000, 0x000000008c700000| Complete 
| 200|0x000000008c800000, 0x000000008c900000, 0x000000008c900000|100%| E|CS|TAMS 0x000000008c800000, 0x000000008c800000| Complete 
| 201|0x000000008c900000, 0x000000008ca00000, 0x000000008ca00000|100%| E|CS|TAMS 0x000000008c900000, 0x000000008c900000| Complete 
| 202|0x000000008ca00000, 0x000000008cb00000, 0x000000008cb00000|100%| E|CS|TAMS 0x000000008ca00000, 0x000000008ca00000| Complete 
| 203|0x000000008cb00000, 0x000000008cc00000, 0x000000008cc00000|100%| E|CS|TAMS 0x000000008cb00000, 0x000000008cb00000| Complete 
| 204|0x000000008cc00000, 0x000000008cd00000, 0x000000008cd00000|100%| E|CS|TAMS 0x000000008cc00000, 0x000000008cc00000| Complete 
| 205|0x000000008cd00000, 0x000000008ce00000, 0x000000008ce00000|100%| E|CS|TAMS 0x000000008cd00000, 0x000000008cd00000| Complete 
| 206|0x000000008ce00000, 0x000000008cf00000, 0x000000008cf00000|100%| E|CS|TAMS 0x000000008ce00000, 0x000000008ce00000| Complete 
| 207|0x000000008cf00000, 0x000000008d000000, 0x000000008d000000|100%| E|CS|TAMS 0x000000008cf00000, 0x000000008cf00000| Complete 
| 208|0x000000008d000000, 0x000000008d100000, 0x000000008d100000|100%| E|CS|TAMS 0x000000008d000000, 0x000000008d000000| Complete 
| 209|0x000000008d100000, 0x000000008d200000, 0x000000008d200000|100%| E|CS|TAMS 0x000000008d100000, 0x000000008d100000| Complete 
| 210|0x000000008d200000, 0x000000008d300000, 0x000000008d300000|100%| E|CS|TAMS 0x000000008d200000, 0x000000008d200000| Complete 
| 211|0x000000008d300000, 0x000000008d400000, 0x000000008d400000|100%| E|CS|TAMS 0x000000008d300000, 0x000000008d300000| Complete 
| 212|0x000000008d400000, 0x000000008d500000, 0x000000008d500000|100%| E|CS|TAMS 0x000000008d400000, 0x000000008d400000| Complete 
| 213|0x000000008d500000, 0x000000008d600000, 0x000000008d600000|100%| E|CS|TAMS 0x000000008d500000, 0x000000008d500000| Complete 
| 214|0x000000008d600000, 0x000000008d700000, 0x000000008d700000|100%| E|CS|TAMS 0x000000008d600000, 0x000000008d600000| Complete 
| 215|0x000000008d700000, 0x000000008d800000, 0x000000008d800000|100%| E|CS|TAMS 0x000000008d700000, 0x000000008d700000| Complete 
| 216|0x000000008d800000, 0x000000008d900000, 0x000000008d900000|100%| E|CS|TAMS 0x000000008d800000, 0x000000008d800000| Complete 
| 217|0x000000008d900000, 0x000000008da00000, 0x000000008da00000|100%| E|CS|TAMS 0x000000008d900000, 0x000000008d900000| Complete 
| 218|0x000000008da00000, 0x000000008db00000, 0x000000008db00000|100%| E|CS|TAMS 0x000000008da00000, 0x000000008da00000| Complete 
| 219|0x000000008db00000, 0x000000008dc00000, 0x000000008dc00000|100%| E|CS|TAMS 0x000000008db00000, 0x000000008db00000| Complete 
| 220|0x000000008dc00000, 0x000000008dd00000, 0x000000008dd00000|100%| E|  |TAMS 0x000000008dc00000, 0x000000008dc00000| Complete 
| 221|0x000000008dd00000, 0x000000008de00000, 0x000000008de00000|100%| E|CS|TAMS 0x000000008dd00000, 0x000000008dd00000| Complete 
| 222|0x000000008de00000, 0x000000008df00000, 0x000000008df00000|100%| E|CS|TAMS 0x000000008de00000, 0x000000008de00000| Complete 
| 223|0x000000008df00000, 0x000000008e000000, 0x000000008e000000|100%| E|CS|TAMS 0x000000008df00000, 0x000000008df00000| Complete 
| 224|0x000000008e000000, 0x000000008e100000, 0x000000008e100000|100%| E|CS|TAMS 0x000000008e000000, 0x000000008e000000| Complete 
| 225|0x000000008e100000, 0x000000008e200000, 0x000000008e200000|100%| E|CS|TAMS 0x000000008e100000, 0x000000008e100000| Complete 
| 226|0x000000008e200000, 0x000000008e300000, 0x000000008e300000|100%| E|CS|TAMS 0x000000008e200000, 0x000000008e200000| Complete 
| 227|0x000000008e300000, 0x000000008e400000, 0x000000008e400000|100%| E|CS|TAMS 0x000000008e300000, 0x000000008e300000| Complete 
| 228|0x000000008e400000, 0x000000008e500000, 0x000000008e500000|100%| E|CS|TAMS 0x000000008e400000, 0x000000008e400000| Complete 
| 229|0x000000008e500000, 0x000000008e600000, 0x000000008e600000|100%| E|CS|TAMS 0x000000008e500000, 0x000000008e500000| Complete 
| 230|0x000000008e600000, 0x000000008e700000, 0x000000008e700000|100%| E|CS|TAMS 0x000000008e600000, 0x000000008e600000| Complete 
| 231|0x000000008e700000, 0x000000008e800000, 0x000000008e800000|100%| E|CS|TAMS 0x000000008e700000, 0x000000008e700000| Complete 
| 232|0x000000008e800000, 0x000000008e900000, 0x000000008e900000|100%| E|CS|TAMS 0x000000008e800000, 0x000000008e800000| Complete 
| 233|0x000000008e900000, 0x000000008ea00000, 0x000000008ea00000|100%| E|CS|TAMS 0x000000008e900000, 0x000000008e900000| Complete 
| 234|0x000000008ea00000, 0x000000008eb00000, 0x000000008eb00000|100%| E|CS|TAMS 0x000000008ea00000, 0x000000008ea00000| Complete 
| 235|0x000000008eb00000, 0x000000008ec00000, 0x000000008ec00000|100%| E|CS|TAMS 0x000000008eb00000, 0x000000008eb00000| Complete 
| 236|0x000000008ec00000, 0x000000008ed00000, 0x000000008ed00000|100%| E|CS|TAMS 0x000000008ec00000, 0x000000008ec00000| Complete 
| 237|0x000000008ed00000, 0x000000008ee00000, 0x000000008ee00000|100%| E|CS|TAMS 0x000000008ed00000, 0x000000008ed00000| Complete 
| 238|0x000000008ee00000, 0x000000008ef00000, 0x000000008ef00000|100%| E|CS|TAMS 0x000000008ee00000, 0x000000008ee00000| Complete 
| 239|0x000000008ef00000, 0x000000008f000000, 0x000000008f000000|100%| E|CS|TAMS 0x000000008ef00000, 0x000000008ef00000| Complete 
| 240|0x000000008f000000, 0x000000008f100000, 0x000000008f100000|100%| E|CS|TAMS 0x000000008f000000, 0x000000008f000000| Complete 
| 241|0x000000008f100000, 0x000000008f200000, 0x000000008f200000|100%| E|CS|TAMS 0x000000008f100000, 0x000000008f100000| Complete 
| 242|0x000000008f200000, 0x000000008f300000, 0x000000008f300000|100%| E|CS|TAMS 0x000000008f200000, 0x000000008f200000| Complete 
| 243|0x000000008f300000, 0x000000008f400000, 0x000000008f400000|100%| E|CS|TAMS 0x000000008f300000, 0x000000008f300000| Complete 
| 244|0x000000008f400000, 0x000000008f500000, 0x000000008f500000|100%| E|CS|TAMS 0x000000008f400000, 0x000000008f400000| Complete 
| 245|0x000000008f500000, 0x000000008f600000, 0x000000008f600000|100%| E|CS|TAMS 0x000000008f500000, 0x000000008f500000| Complete 
| 246|0x000000008f600000, 0x000000008f700000, 0x000000008f700000|100%| E|CS|TAMS 0x000000008f600000, 0x000000008f600000| Complete 
| 247|0x000000008f700000, 0x000000008f800000, 0x000000008f800000|100%| E|CS|TAMS 0x000000008f700000, 0x000000008f700000| Complete 
| 248|0x000000008f800000, 0x000000008f900000, 0x000000008f900000|100%| E|CS|TAMS 0x000000008f800000, 0x000000008f800000| Complete 
| 249|0x000000008f900000, 0x000000008fa00000, 0x000000008fa00000|100%| E|CS|TAMS 0x000000008f900000, 0x000000008f900000| Complete 
| 250|0x000000008fa00000, 0x000000008fb00000, 0x000000008fb00000|100%| E|CS|TAMS 0x000000008fa00000, 0x000000008fa00000| Complete 
| 251|0x000000008fb00000, 0x000000008fc00000, 0x000000008fc00000|100%| E|CS|TAMS 0x000000008fb00000, 0x000000008fb00000| Complete 
| 252|0x000000008fc00000, 0x000000008fd00000, 0x000000008fd00000|100%| E|CS|TAMS 0x000000008fc00000, 0x000000008fc00000| Complete 
| 253|0x000000008fd00000, 0x000000008fe00000, 0x000000008fe00000|100%| E|CS|TAMS 0x000000008fd00000, 0x000000008fd00000| Complete 
| 254|0x000000008fe00000, 0x000000008ff00000, 0x000000008ff00000|100%| E|CS|TAMS 0x000000008fe00000, 0x000000008fe00000| Complete 
| 255|0x000000008ff00000, 0x0000000090000000, 0x0000000090000000|100%| E|CS|TAMS 0x000000008ff00000, 0x000000008ff00000| Complete 
| 256|0x0000000090000000, 0x0000000090100000, 0x0000000090100000|100%| E|CS|TAMS 0x0000000090000000, 0x0000000090000000| Complete 
| 257|0x0000000090100000, 0x0000000090200000, 0x0000000090200000|100%| E|CS|TAMS 0x0000000090100000, 0x0000000090100000| Complete 
| 258|0x0000000090200000, 0x0000000090300000, 0x0000000090300000|100%| E|CS|TAMS 0x0000000090200000, 0x0000000090200000| Complete 
| 259|0x0000000090300000, 0x0000000090400000, 0x0000000090400000|100%| E|CS|TAMS 0x0000000090300000, 0x0000000090300000| Complete 
| 260|0x0000000090400000, 0x0000000090500000, 0x0000000090500000|100%| E|CS|TAMS 0x0000000090400000, 0x0000000090400000| Complete 
| 261|0x0000000090500000, 0x0000000090600000, 0x0000000090600000|100%| E|CS|TAMS 0x0000000090500000, 0x0000000090500000| Complete 
| 262|0x0000000090600000, 0x0000000090700000, 0x0000000090700000|100%| E|CS|TAMS 0x0000000090600000, 0x0000000090600000| Complete 
| 263|0x0000000090700000, 0x0000000090800000, 0x0000000090800000|100%| E|CS|TAMS 0x0000000090700000, 0x0000000090700000| Complete 

Card table byte_map: [0x000001f219e70000,0x000001f21a270000] _byte_map_base: 0x000001f219a70000

Marking Bits (Prev, Next): (CMBitMap*) 0x000001f206ebf138, (CMBitMap*) 0x000001f206ebf170
 Prev Bits: [0x000001f21a670000, 0x000001f21c670000)
 Next Bits: [0x000001f21c670000, 0x000001f21e670000)

Polling page: 0x000001f205000000

Metaspace:

Usage:
  Non-class:    103.11 MB capacity,   101.01 MB ( 98%) used,     1.75 MB (  2%) free+waste,   360.44 KB ( <1%) overhead. 
      Class:     15.52 MB capacity,    14.32 MB ( 92%) used,     1.04 MB (  7%) free+waste,   163.00 KB (  1%) overhead. 
       Both:    118.63 MB capacity,   115.33 MB ( 97%) used,     2.79 MB (  2%) free+waste,   523.44 KB ( <1%) overhead. 

Virtual space:
  Non-class space:      104.00 MB reserved,     103.16 MB (>99%) committed 
      Class space:        1.00 GB reserved,      15.57 MB (  2%) committed 
             Both:        1.10 GB reserved,     118.74 MB ( 11%) committed 

Chunk freelists:
   Non-Class:  0 bytes
       Class:  15.00 KB
        Both:  15.00 KB

MaxMetaspaceSize: 17179869184.00 GB
CompressedClassSpaceSize: 1.00 GB

CodeHeap 'non-profiled nmethods': size=120064Kb used=14905Kb max_used=14905Kb free=105159Kb
 bounds [0x000001f212420000, 0x000001f2132b0000, 0x000001f219960000]
CodeHeap 'profiled nmethods': size=120000Kb used=39423Kb max_used=39423Kb free=80576Kb
 bounds [0x000001f20aef0000, 0x000001f20d590000, 0x000001f212420000]
CodeHeap 'non-nmethods': size=5696Kb used=2352Kb max_used=2398Kb free=3343Kb
 bounds [0x000001f20a960000, 0x000001f20abe0000, 0x000001f20aef0000]
 total_blobs=18533 nmethods=17552 adapters=891
 compilation: enabled
              stopped_count=0, restarted_count=0
 full_count=0

Compilation events (20 events):
Event: 1325.976 Thread 0x000001f220ecf800 20077       3       org.gradle.internal.execution.steps.TimeoutStep::execute (96 bytes)
Event: 1325.977 Thread 0x000001f220ecf800 nmethod 20077 0x000001f20d569110 code [0x000001f20d569460, 0x000001f20d56a538]
Event: 1325.977 Thread 0x000001f220ecf800 20081       3       org.gradle.internal.execution.steps.AssignWorkspaceStep$1::getInputFileProperties (10 bytes)
Event: 1325.977 Thread 0x000001f220ecf800 nmethod 20081 0x000001f20d56ab90 code [0x000001f20d56ad40, 0x000001f20d56af08]
Event: 1325.977 Thread 0x000001f220ecf800 20085       3       org.gradle.internal.watch.registry.SnapshotCollectingDiffListener::nodeRemoved (21 bytes)
Event: 1325.977 Thread 0x000001f220ec8800 nmethod 20076 0x000001f2132a0c10 code [0x000001f2132a0dc0, 0x000001f2132a0fd8]
Event: 1325.977 Thread 0x000001f220ecf800 nmethod 20085 0x000001f20d56b010 code [0x000001f20d56b240, 0x000001f20d56b978]
Event: 1325.977 Thread 0x000001f220ecf800 20082       3       org.gradle.internal.execution.steps.ValidateStep$1::getInputFileProperties (10 bytes)
Event: 1325.977 Thread 0x000001f220ecf800 nmethod 20082 0x000001f20d56bc10 code [0x000001f20d56bdc0, 0x000001f20d56bf88]
Event: 1325.977 Thread 0x000001f220ecf800 20083       3       org.gradle.internal.execution.steps.LoadExecutionStateStep$1::getInputFileProperties (10 bytes)
Event: 1325.978 Thread 0x000001f220ecf800 nmethod 20083 0x000001f20d56c090 code [0x000001f20d56c240, 0x000001f20d56c408]
Event: 1325.978 Thread 0x000001f220ecf800 20084       3       org.gradle.internal.execution.InputFingerprinter::union (33 bytes)
Event: 1325.978 Thread 0x000001f220ecf800 nmethod 20084 0x000001f20d56c510 code [0x000001f20d56c800, 0x000001f20d56d678]
Event: 1325.978 Thread 0x000001f220ecf800 20078       3       org.gradle.internal.execution.steps.ExecuteStep$1::call (6 bytes)
Event: 1325.978 Thread 0x000001f220ecf800 nmethod 20078 0x000001f20d56db90 code [0x000001f20d56dd60, 0x000001f20d56e028]
Event: 1325.978 Thread 0x000001f220ecf800 20080       3       java.nio.charset.CharsetEncoder::replaceWith (89 bytes)
Event: 1325.979 Thread 0x000001f220ecf800 nmethod 20080 0x000001f20d56e190 code [0x000001f20d56e400, 0x000001f20d56ed68]
Event: 1325.979 Thread 0x000001f220ecf800 20079       3       org.gradle.internal.execution.steps.ValidateStep::execute (10 bytes)
Event: 1325.979 Thread 0x000001f220ecf800 nmethod 20079 0x000001f20d56f010 code [0x000001f20d56f1e0, 0x000001f20d56f428]
Event: 1325.979 Thread 0x000001f220ecf800 20087       3       org.gradle.internal.execution.history.impl.DefaultPreviousExecutionStateSerializer::writeSnapshots (78 bytes)

GC Heap History (20 events):
Event: 89.366 GC heap before
{Heap before GC invocations=77 (full 0):
 garbage-first heap   total 270336K, used 145692K [0x0000000080000000, 0x0000000100000000)
  region size 1024K, 58 young (59392K), 16 survivors (16384K)
 Metaspace       used 97717K, capacity 100247K, committed 100468K, reserved 1136640K
  class space    used 12279K, capacity 13161K, committed 13260K, reserved 1048576K
}
Event: 89.377 GC heap after
{Heap after GC invocations=78 (full 0):
 garbage-first heap   total 270336K, used 105800K [0x0000000080000000, 0x0000000100000000)
  region size 1024K, 10 young (10240K), 10 survivors (10240K)
 Metaspace       used 97717K, capacity 100247K, committed 100468K, reserved 1136640K
  class space    used 12279K, capacity 13161K, committed 13260K, reserved 1048576K
}
Event: 91.111 GC heap before
{Heap before GC invocations=79 (full 0):
 garbage-first heap   total 270336K, used 222536K [0x0000000080000000, 0x0000000100000000)
  region size 1024K, 126 young (129024K), 10 survivors (10240K)
 Metaspace       used 101176K, capacity 103821K, committed 103924K, reserved 1140736K
  class space    used 12678K, capacity 13610K, committed 13644K, reserved 1048576K
}
Event: 91.116 GC heap after
{Heap after GC invocations=80 (full 0):
 garbage-first heap   total 270336K, used 105304K [0x0000000080000000, 0x0000000100000000)
  region size 1024K, 8 young (8192K), 8 survivors (8192K)
 Metaspace       used 101176K, capacity 103821K, committed 103924K, reserved 1140736K
  class space    used 12678K, capacity 13610K, committed 13644K, reserved 1048576K
}
Event: 95.293 GC heap before
{Heap before GC invocations=80 (full 0):
 garbage-first heap   total 270336K, used 226136K [0x0000000080000000, 0x0000000100000000)
  region size 1024K, 126 young (129024K), 8 survivors (8192K)
 Metaspace       used 102718K, capacity 105502K, committed 105716K, reserved 1140736K
  class space    used 12875K, capacity 13832K, committed 13900K, reserved 1048576K
}
Event: 95.300 GC heap after
{Heap after GC invocations=81 (full 0):
 garbage-first heap   total 270336K, used 107603K [0x0000000080000000, 0x0000000100000000)
  region size 1024K, 11 young (11264K), 11 survivors (11264K)
 Metaspace       used 102718K, capacity 105502K, committed 105716K, reserved 1140736K
  class space    used 12875K, capacity 13832K, committed 13900K, reserved 1048576K
}
Event: 104.732 GC heap before
{Heap before GC invocations=81 (full 0):
 garbage-first heap   total 270336K, used 226387K [0x0000000080000000, 0x0000000100000000)
  region size 1024K, 128 young (131072K), 11 survivors (11264K)
 Metaspace       used 103591K, capacity 106309K, committed 106484K, reserved 1142784K
  class space    used 12944K, capacity 13894K, committed 13900K, reserved 1048576K
}
Event: 104.743 GC heap after
{Heap after GC invocations=82 (full 0):
 garbage-first heap   total 270336K, used 110101K [0x0000000080000000, 0x0000000100000000)
  region size 1024K, 10 young (10240K), 10 survivors (10240K)
 Metaspace       used 103591K, capacity 106309K, committed 106484K, reserved 1142784K
  class space    used 12944K, capacity 13894K, committed 13900K, reserved 1048576K
}
Event: 107.685 GC heap before
{Heap before GC invocations=82 (full 0):
 garbage-first heap   total 270336K, used 226837K [0x0000000080000000, 0x0000000100000000)
  region size 1024K, 125 young (128000K), 10 survivors (10240K)
 Metaspace       used 104542K, capacity 107338K, committed 107636K, reserved 1142784K
  class space    used 13020K, capacity 13972K, committed 14028K, reserved 1048576K
}
Event: 107.689 GC heap after
{Heap after GC invocations=83 (full 0):
 garbage-first heap   total 270336K, used 110998K [0x0000000080000000, 0x0000000100000000)
  region size 1024K, 10 young (10240K), 10 survivors (10240K)
 Metaspace       used 104542K, capacity 107338K, committed 107636K, reserved 1142784K
  class space    used 13020K, capacity 13972K, committed 14028K, reserved 1048576K
}
Event: 122.688 GC heap before
{Heap before GC invocations=83 (full 0):
 garbage-first heap   total 270336K, used 229782K [0x0000000080000000, 0x0000000100000000)
  region size 1024K, 126 young (129024K), 10 survivors (10240K)
 Metaspace       used 108402K, capacity 111368K, committed 111604K, reserved 1146880K
  class space    used 13562K, capacity 14600K, committed 14668K, reserved 1048576K
}
Event: 122.693 GC heap after
{Heap after GC invocations=84 (full 0):
 garbage-first heap   total 270336K, used 112146K [0x0000000080000000, 0x0000000100000000)
  region size 1024K, 8 young (8192K), 8 survivors (8192K)
 Metaspace       used 108402K, capacity 111368K, committed 111604K, reserved 1146880K
  class space    used 13562K, capacity 14600K, committed 14668K, reserved 1048576K
}
Event: 1248.757 GC heap before
{Heap before GC invocations=84 (full 0):
 garbage-first heap   total 270336K, used 230930K [0x0000000080000000, 0x0000000100000000)
  region size 1024K, 125 young (128000K), 8 survivors (8192K)
 Metaspace       used 112376K, capacity 115681K, committed 115828K, reserved 1150976K
  class space    used 14052K, capacity 15232K, committed 15308K, reserved 1048576K
}
Event: 1248.766 GC heap after
{Heap after GC invocations=85 (full 0):
 garbage-first heap   total 270336K, used 118459K [0x0000000080000000, 0x0000000100000000)
  region size 1024K, 14 young (14336K), 14 survivors (14336K)
 Metaspace       used 112376K, capacity 115681K, committed 115828K, reserved 1150976K
  class space    used 14052K, capacity 15232K, committed 15308K, reserved 1048576K
}
Event: 1320.282 GC heap before
{Heap before GC invocations=85 (full 0):
 garbage-first heap   total 270336K, used 227003K [0x0000000080000000, 0x0000000100000000)
  region size 1024K, 121 young (123904K), 14 survivors (14336K)
 Metaspace       used 112711K, capacity 116013K, committed 116084K, reserved 1150976K
  class space    used 14082K, capacity 15282K, committed 15308K, reserved 1048576K
}
Event: 1320.289 GC heap after
{Heap after GC invocations=86 (full 0):
 garbage-first heap   total 270336K, used 117670K [0x0000000080000000, 0x0000000100000000)
  region size 1024K, 7 young (7168K), 7 survivors (7168K)
 Metaspace       used 112711K, capacity 116013K, committed 116084K, reserved 1150976K
  class space    used 14082K, capacity 15282K, committed 15308K, reserved 1048576K
}
Event: 1321.249 GC heap before
{Heap before GC invocations=86 (full 0):
 garbage-first heap   total 270336K, used 227238K [0x0000000080000000, 0x0000000100000000)
  region size 1024K, 115 young (117760K), 7 survivors (7168K)
 Metaspace       used 113193K, capacity 116460K, committed 116724K, reserved 1150976K
  class space    used 14122K, capacity 15309K, committed 15436K, reserved 1048576K
}
Event: 1321.254 GC heap after
{Heap after GC invocations=87 (full 0):
 garbage-first heap   total 270336K, used 118393K [0x0000000080000000, 0x0000000100000000)
  region size 1024K, 8 young (8192K), 8 survivors (8192K)
 Metaspace       used 113193K, capacity 116460K, committed 116724K, reserved 1150976K
  class space    used 14122K, capacity 15309K, committed 15436K, reserved 1048576K
}
Event: 1322.410 GC heap before
{Heap before GC invocations=87 (full 0):
 garbage-first heap   total 270336K, used 228985K [0x0000000080000000, 0x0000000100000000)
  region size 1024K, 116 young (118784K), 8 survivors (8192K)
 Metaspace       used 113588K, capacity 116913K, committed 116980K, reserved 1150976K
  class space    used 14170K, capacity 15374K, committed 15436K, reserved 1048576K
}
Event: 1322.414 GC heap after
{Heap after GC invocations=88 (full 0):
 garbage-first heap   total 270336K, used 118138K [0x0000000080000000, 0x0000000100000000)
  region size 1024K, 8 young (8192K), 8 survivors (8192K)
 Metaspace       used 113588K, capacity 116913K, committed 116980K, reserved 1150976K
  class space    used 14170K, capacity 15374K, committed 15436K, reserved 1048576K
}

Deoptimization events (20 events):
Event: 1325.763 Thread 0x000001f223b40800 Uncommon trap: trap_request=0xffffff4d fr.pc=0x000001f212b58124 relative=0x0000000000000764
Event: 1325.763 Thread 0x000001f223b40800 Uncommon trap: reason=unstable_if action=reinterpret pc=0x000001f212b58124 method=org.gradle.internal.file.FilePathUtil.sizeOfCommonPrefix(Ljava/lang/String;Ljava/lang/String;IC)I @ 133 c2
Event: 1325.763 Thread 0x000001f223b40800 DEOPT PACKING pc=0x000001f212b58124 sp=0x0000002fe0afbb00
Event: 1325.763 Thread 0x000001f223b40800 DEOPT UNPACKING pc=0x000001f20a9878af sp=0x0000002fe0afba70 mode 2
Event: 1325.788 Thread 0x000001f228124800 Uncommon trap: trap_request=0xffffff4d fr.pc=0x000001f2129a8f38 relative=0x0000000000001b78
Event: 1325.788 Thread 0x000001f228124800 Uncommon trap: reason=unstable_if action=reinterpret pc=0x000001f2129a8f38 method=java.util.concurrent.ConcurrentHashMap.transfer([Ljava/util/concurrent/ConcurrentHashMap$Node;[Ljava/util/concurrent/ConcurrentHashMap$Node;)V @ 347 c2
Event: 1325.788 Thread 0x000001f228124800 DEOPT PACKING pc=0x000001f2129a8f38 sp=0x0000002fe09fde30
Event: 1325.788 Thread 0x000001f228124800 DEOPT UNPACKING pc=0x000001f20a9878af sp=0x0000002fe09fde28 mode 2
Event: 1325.861 Thread 0x000001f223b3b800 Uncommon trap: trap_request=0xffffffdc fr.pc=0x000001f213290b1c relative=0x000000000000269c
Event: 1325.861 Thread 0x000001f223b3b800 Uncommon trap: reason=class_check action=make_not_entrant pc=0x000001f213290b1c method=java.util.ArrayDeque.toArray(Ljava/lang/Class;)[Ljava/lang/Object; @ 45 c2
Event: 1325.861 Thread 0x000001f223b3b800 DEOPT PACKING pc=0x000001f213290b1c sp=0x0000002fe0dfc470
Event: 1325.861 Thread 0x000001f223b3b800 DEOPT UNPACKING pc=0x000001f20a9878af sp=0x0000002fe0dfbdb8 mode 2
Event: 1325.919 Thread 0x000001f223b46000 Uncommon trap: trap_request=0xffffffc6 fr.pc=0x000001f213065ac4 relative=0x00000000000002e4
Event: 1325.919 Thread 0x000001f223b46000 Uncommon trap: reason=bimorphic_or_optimized_type_check action=maybe_recompile pc=0x000001f213065ac4 method=java.util.Collections$SetFromMap.contains(Ljava/lang/Object;)Z @ 5 c2
Event: 1325.919 Thread 0x000001f223b46000 DEOPT PACKING pc=0x000001f213065ac4 sp=0x0000002fe10fe8d0
Event: 1325.919 Thread 0x000001f223b46000 DEOPT UNPACKING pc=0x000001f20a9878af sp=0x0000002fe10fe888 mode 2
Event: 1325.951 Thread 0x000001f228124800 Uncommon trap: trap_request=0xffffffdc fr.pc=0x000001f213297fb8 relative=0x0000000000001d38
Event: 1325.951 Thread 0x000001f228124800 Uncommon trap: reason=class_check action=make_not_entrant pc=0x000001f213297fb8 method=java.util.ArrayDeque.toArray(Ljava/lang/Class;)[Ljava/lang/Object; @ 45 c2
Event: 1325.951 Thread 0x000001f228124800 DEOPT PACKING pc=0x000001f213297fb8 sp=0x0000002fe09fc3b0
Event: 1325.951 Thread 0x000001f228124800 DEOPT UNPACKING pc=0x000001f20a9878af sp=0x0000002fe09fbe50 mode 2

Classes redefined (0 events):
No events

Internal exceptions (20 events):
Event: 1325.181 Thread 0x000001f22811a000 Exception <a 'sun/nio/fs/WindowsException'{0x000000008ecb8b68}> (0x000000008ecb8b68) thrown at [./src/hotspot/share/prims/jni.cpp, line 615]
Event: 1325.181 Thread 0x000001f22811a000 Exception <a 'sun/nio/fs/WindowsException'{0x000000008ecb9ba8}> (0x000000008ecb9ba8) thrown at [./src/hotspot/share/prims/jni.cpp, line 615]
Event: 1325.181 Thread 0x000001f22811a000 Exception <a 'sun/nio/fs/WindowsException'{0x000000008ecbac38}> (0x000000008ecbac38) thrown at [./src/hotspot/share/prims/jni.cpp, line 615]
Event: 1325.181 Thread 0x000001f22811a000 Exception <a 'sun/nio/fs/WindowsException'{0x000000008ecbbcc8}> (0x000000008ecbbcc8) thrown at [./src/hotspot/share/prims/jni.cpp, line 615]
Event: 1325.190 Thread 0x000001f22811a000 Exception <a 'sun/nio/fs/WindowsException'{0x000000008ecede88}> (0x000000008ecede88) thrown at [./src/hotspot/share/prims/jni.cpp, line 615]
Event: 1325.190 Thread 0x000001f22811a000 Exception <a 'sun/nio/fs/WindowsException'{0x000000008eceeec8}> (0x000000008eceeec8) thrown at [./src/hotspot/share/prims/jni.cpp, line 615]
Event: 1325.191 Thread 0x000001f22811a000 Exception <a 'sun/nio/fs/WindowsException'{0x000000008eceff58}> (0x000000008eceff58) thrown at [./src/hotspot/share/prims/jni.cpp, line 615]
Event: 1325.191 Thread 0x000001f22811a000 Exception <a 'sun/nio/fs/WindowsException'{0x000000008ecf0fe8}> (0x000000008ecf0fe8) thrown at [./src/hotspot/share/prims/jni.cpp, line 615]
Event: 1325.221 Thread 0x000001f22811a000 Exception <a 'java/lang/NoSuchMethodError'{0x000000008e89f340}: 'java.lang.Object java.lang.invoke.Invokers$Holder.linkToTargetMethod(java.lang.Object, int, int, java.lang.Object)'> (0x000000008e89f340) thrown at [./src/hotspot/share/interpreter/linkResolver.cpp, line 773]
Event: 1325.327 Thread 0x000001f22811a800 Exception <a 'java/lang/NoSuchMethodError'{0x000000008df6ff70}: <clinit>> (0x000000008df6ff70) thrown at [./src/hotspot/share/prims/jni.cpp, line 1362]
Event: 1325.327 Thread 0x000001f22811a800 Exception <a 'java/lang/NoSuchMethodError'{0x000000008df9cc90}: <clinit>> (0x000000008df9cc90) thrown at [./src/hotspot/share/prims/jni.cpp, line 1362]
Event: 1325.329 Thread 0x000001f22811a800 Exception <a 'java/lang/NoSuchMethodError'{0x000000008dfa74c0}: <clinit>> (0x000000008dfa74c0) thrown at [./src/hotspot/share/prims/jni.cpp, line 1362]
Event: 1325.329 Thread 0x000001f22811a800 Exception <a 'java/lang/NoSuchMethodError'{0x000000008dfba538}: <clinit>> (0x000000008dfba538) thrown at [./src/hotspot/share/prims/jni.cpp, line 1362]
Event: 1325.329 Thread 0x000001f22811a800 Exception <a 'java/lang/NoSuchMethodError'{0x000000008dfbb810}: <clinit>> (0x000000008dfbb810) thrown at [./src/hotspot/share/prims/jni.cpp, line 1362]
Event: 1325.351 Thread 0x000001f228123800 Implicit null exception at 0x000001f2127c4e2f to 0x000001f2127c5808
Event: 1325.386 Thread 0x000001f22811a800 Exception <a 'java/lang/NoSuchMethodError'{0x000000008dd2b420}: <clinit>> (0x000000008dd2b420) thrown at [./src/hotspot/share/prims/jni.cpp, line 1362]
Event: 1325.542 Thread 0x000001f22811a800 Exception <a 'java/lang/NoSuchMethodError'{0x000000008daeab08}: <clinit>> (0x000000008daeab08) thrown at [./src/hotspot/share/prims/jni.cpp, line 1362]
Event: 1325.565 Thread 0x000001f223b46000 Exception <a 'sun/nio/fs/WindowsException'{0x000000008da94750}> (0x000000008da94750) thrown at [./src/hotspot/share/prims/jni.cpp, line 615]
Event: 1325.566 Thread 0x000001f223b46000 Exception <a 'sun/nio/fs/WindowsException'{0x000000008da955d8}> (0x000000008da955d8) thrown at [./src/hotspot/share/prims/jni.cpp, line 615]
Event: 1325.584 Thread 0x000001f223a22000 Exception <a 'sun/nio/fs/WindowsException'{0x000000008d727510}> (0x000000008d727510) thrown at [./src/hotspot/share/prims/jni.cpp, line 615]

Events (20 events):
Event: 1325.917 loading class com/android/build/gradle/internal/tasks/CheckAarMetadataWorkParameters done
Event: 1325.917 loading class com/android/build/gradle/internal/tasks/AarMetadataArtifact
Event: 1325.917 loading class com/android/build/gradle/internal/tasks/AarMetadataArtifact done
Event: 1325.919 Thread 0x000001f229354000 Thread added: 0x000001f229354000
Event: 1325.920 loading class kotlin/collections/ArrayAsCollection
Event: 1325.920 loading class kotlin/collections/ArrayAsCollection done
Event: 1325.920 Executing VM operation: RevokeBias
Event: 1325.921 Executing VM operation: RevokeBias done
Event: 1325.945 loading class com/android/build/gradle/tasks/MergeResources$Flag
Event: 1325.945 loading class com/android/build/gradle/tasks/MergeResources$Flag done
Event: 1325.948 loading class com/google/common/collect/ImmutableList$Builder
Event: 1325.948 loading class com/google/common/collect/ImmutableList$Builder done
Event: 1325.948 loading class org/gradle/api/internal/file/FileCollectionInternal
Event: 1325.948 loading class org/gradle/api/internal/file/FileCollectionInternal done
Event: 1325.948 loading class org/gradle/api/internal/file/collections/DefaultConfigurableFileCollection
Event: 1325.948 loading class org/gradle/api/internal/file/collections/DefaultConfigurableFileCollection done
Event: 1325.948 loading class org/gradle/api/internal/file/collections/DefaultConfigurableFileCollection$1
Event: 1325.948 loading class org/gradle/api/internal/file/collections/DefaultConfigurableFileCollection$1 done
Event: 1325.948 loading class org/gradle/api/internal/file/collections/DefaultConfigurableFileCollection$ResolvedItemsCollector
Event: 1325.948 loading class org/gradle/api/internal/file/collections/DefaultConfigurableFileCollection$ResolvedItemsCollector done


Dynamic libraries:
0x00007ff79bef0000 - 0x00007ff79befa000 	C:\Android Studio\jre\bin\java.exe
0x00007ff935900000 - 0x00007ff935aed000 	C:\Windows\SYSTEM32\ntdll.dll
0x00007ff934c00000 - 0x00007ff934cb4000 	C:\Windows\System32\KERNEL32.DLL
0x00007ff931e10000 - 0x00007ff9320a5000 	C:\Windows\System32\KERNELBASE.dll
0x00007ff9319f0000 - 0x00007ff931aea000 	C:\Windows\System32\ucrtbase.dll
0x00007ff915620000 - 0x00007ff915639000 	C:\Android Studio\jre\bin\jli.dll
0x00007ff913ea0000 - 0x00007ff913eb7000 	C:\Android Studio\jre\bin\VCRUNTIME140.dll
0x00007ff935380000 - 0x00007ff935517000 	C:\Windows\System32\USER32.dll
0x00007ff932360000 - 0x00007ff932380000 	C:\Windows\System32\win32u.dll
0x00007ff91a8c0000 - 0x00007ff91ab39000 	C:\Windows\WinSxS\amd64_microsoft.windows.common-controls_6595b64144ccf1df_6.0.17763.2213_none_de6ea00a534da176\COMCTL32.dll
0x00007ff932bd0000 - 0x00007ff932bf9000 	C:\Windows\System32\GDI32.dll
0x00007ff9333d0000 - 0x00007ff93346e000 	C:\Windows\System32\msvcrt.dll
0x00007ff931bd0000 - 0x00007ff931d6c000 	C:\Windows\System32\gdi32full.dll
0x00007ff934e80000 - 0x00007ff9351ad000 	C:\Windows\System32\combase.dll
0x00007ff931d70000 - 0x00007ff931e10000 	C:\Windows\System32\msvcp_win.dll
0x00007ff933480000 - 0x00007ff93359f000 	C:\Windows\System32\RPCRT4.dll
0x00007ff931b40000 - 0x00007ff931bc2000 	C:\Windows\System32\bcryptPrimitives.dll
0x00007ff933650000 - 0x00007ff93367e000 	C:\Windows\System32\IMM32.DLL
0x00007ff9000b0000 - 0x00007ff90014d000 	C:\Android Studio\jre\bin\msvcp140.dll
0x00007ff8e8850000 - 0x00007ff8e931f000 	C:\Android Studio\jre\bin\server\jvm.dll
0x00007ff935580000 - 0x00007ff935624000 	C:\Windows\System32\ADVAPI32.dll
0x00007ff932b30000 - 0x00007ff932bce000 	C:\Windows\System32\sechost.dll
0x00007ff932c00000 - 0x00007ff932c08000 	C:\Windows\System32\PSAPI.DLL
0x00007ff92fb30000 - 0x00007ff92fb39000 	C:\Windows\SYSTEM32\WSOCK32.dll
0x00007ff92faa0000 - 0x00007ff92fac4000 	C:\Windows\SYSTEM32\WINMM.dll
0x00007ff92c220000 - 0x00007ff92c22a000 	C:\Windows\SYSTEM32\VERSION.dll
0x00007ff934cc0000 - 0x00007ff934d2d000 	C:\Windows\System32\WS2_32.dll
0x00007ff92fa70000 - 0x00007ff92fa9d000 	C:\Windows\SYSTEM32\winmmbase.dll
0x00007ff931af0000 - 0x00007ff931b3a000 	C:\Windows\System32\cfgmgr32.dll
0x00007ff9318f0000 - 0x00007ff931901000 	C:\Windows\System32\kernel.appcore.dll
0x00007ff92fae0000 - 0x00007ff92faf1000 	C:\Android Studio\jre\bin\verify.dll
0x00007ff917910000 - 0x00007ff917afd000 	C:\Windows\SYSTEM32\DBGHELP.DLL
0x00007ff918850000 - 0x00007ff91887a000 	C:\Windows\SYSTEM32\dbgcore.DLL
0x00007ff924360000 - 0x00007ff924389000 	C:\Android Studio\jre\bin\java.dll
0x00007ff92e360000 - 0x00007ff92e36b000 	C:\Android Studio\jre\bin\jimage.dll
0x00007ff928ce0000 - 0x00007ff928cf8000 	C:\Android Studio\jre\bin\zip.dll
0x00007ff933680000 - 0x00007ff934b78000 	C:\Windows\System32\SHELL32.dll
0x00007ff935630000 - 0x00007ff9356d8000 	C:\Windows\System32\shcore.dll
0x00007ff932380000 - 0x00007ff932aca000 	C:\Windows\System32\windows.storage.dll
0x00007ff931910000 - 0x00007ff931934000 	C:\Windows\System32\profapi.dll
0x00007ff931940000 - 0x00007ff93199d000 	C:\Windows\System32\powrprof.dll
0x00007ff9331c0000 - 0x00007ff933212000 	C:\Windows\System32\shlwapi.dll
0x00007ff932160000 - 0x00007ff932177000 	C:\Windows\System32\cryptsp.dll
0x00007ff924340000 - 0x00007ff92435a000 	C:\Android Studio\jre\bin\net.dll
0x00007ff92d120000 - 0x00007ff92d211000 	C:\Windows\SYSTEM32\WINHTTP.dll
0x00007ff9310f0000 - 0x00007ff931157000 	C:\Windows\system32\mswsock.dll
0x00007ff924320000 - 0x00007ff924334000 	C:\Android Studio\jre\bin\nio.dll
0x00007ff9146a0000 - 0x00007ff9146c7000 	C:\Users\spirkin_a\.gradle\native\8bec1ad78214c89d9ad589b4d07fe93259594b29d510b10fafb7a158f7737e5d\windows-amd64\native-platform.dll
0x00007ff914000000 - 0x00007ff91413d000 	C:\Users\spirkin_a\.gradle\native\53dbd7edfb1c66fb8903c78663c9afc45aea4f116125fa6feffd364cf09443e8\windows-amd64\native-platform-file-events.dll
0x00007ff924310000 - 0x00007ff92431a000 	C:\Android Studio\jre\bin\management.dll
0x00007ff924300000 - 0x00007ff92430c000 	C:\Android Studio\jre\bin\management_ext.dll
0x00007ff930c30000 - 0x00007ff930c63000 	C:\Windows\system32\rsaenh.dll
0x00007ff9319c0000 - 0x00007ff9319e6000 	C:\Windows\System32\bcrypt.dll
0x00007ff9317f0000 - 0x00007ff931819000 	C:\Windows\SYSTEM32\USERENV.dll
0x00007ff931270000 - 0x00007ff93127c000 	C:\Windows\SYSTEM32\CRYPTBASE.dll
0x00007ff930e20000 - 0x00007ff930e5d000 	C:\Windows\SYSTEM32\IPHLPAPI.DLL
0x00007ff935370000 - 0x00007ff935378000 	C:\Windows\System32\NSI.dll
0x00007ff928940000 - 0x00007ff928956000 	C:\Windows\SYSTEM32\dhcpcsvc6.DLL
0x00007ff928ae0000 - 0x00007ff928afc000 	C:\Windows\SYSTEM32\dhcpcsvc.DLL
0x00007ff930e60000 - 0x00007ff930f26000 	C:\Windows\SYSTEM32\DNSAPI.dll
0x00007ff9146d0000 - 0x00007ff9146f7000 	C:\Android Studio\jre\bin\sunec.dll
0x00007ff928270000 - 0x00007ff92827a000 	C:\Windows\System32\rasadhlp.dll
0x00007ff9288c0000 - 0x00007ff928939000 	C:\Windows\System32\fwpuclnt.dll
0x00007ff930690000 - 0x00007ff9306c1000 	C:\Windows\SYSTEM32\ntmarta.dll

dbghelp: loaded successfully - version: 4.0.5 - missing functions: none
symbol engine: initialized successfully - sym options: 0x614 - pdb path: .;C:\Android Studio\jre\bin;C:\Windows\SYSTEM32;C:\Windows\WinSxS\amd64_microsoft.windows.common-controls_6595b64144ccf1df_6.0.17763.2213_none_de6ea00a534da176;C:\Android Studio\jre\bin\server;C:\Users\spirkin_a\.gradle\native\8bec1ad78214c89d9ad589b4d07fe93259594b29d510b10fafb7a158f7737e5d\windows-amd64;C:\Users\spirkin_a\.gradle\native\53dbd7edfb1c66fb8903c78663c9afc45aea4f116125fa6feffd364cf09443e8\windows-amd64

VM Arguments:
jvm_args: --add-opens=java.base/java.util=ALL-UNNAMED --add-opens=java.base/java.lang=ALL-UNNAMED --add-opens=java.base/java.lang.invoke=ALL-UNNAMED --add-opens=java.base/java.util=ALL-UNNAMED --add-opens=java.prefs/java.util.prefs=ALL-UNNAMED --add-opens=java.prefs/java.util.prefs=ALL-UNNAMED --add-opens=java.base/java.nio.charset=ALL-UNNAMED --add-opens=java.base/java.net=ALL-UNNAMED --add-opens=java.base/java.util.concurrent.atomic=ALL-UNNAMED -Xmx2048m -Dfile.encoding=UTF-8 -Duser.country=RU -Duser.language=ru -Duser.variant 
java_command: org.gradle.launcher.daemon.bootstrap.GradleDaemon 7.0.2
java_class_path (initial): C:\Users\spirkin_a\.gradle\wrapper\dists\gradle-7.0.2-bin\857tjihv64xamwrf0h14cai3r\gradle-7.0.2\lib\gradle-launcher-7.0.2.jar
Launcher Type: SUN_STANDARD

[Global flags]
     intx CICompilerCount                          = 3                                         {product} {ergonomic}
     uint ConcGCThreads                            = 2                                         {product} {ergonomic}
     uint G1ConcRefinementThreads                  = 6                                         {product} {ergonomic}
   size_t G1HeapRegionSize                         = 1048576                                   {product} {ergonomic}
    uintx GCDrainStackTargetSize                   = 64                                        {product} {ergonomic}
   size_t InitialHeapSize                          = 132120576                                 {product} {ergonomic}
   size_t MarkStackSize                            = 4194304                                   {product} {ergonomic}
   size_t MaxHeapSize                              = 2147483648                                {product} {command line}
   size_t MaxNewSize                               = 1287651328                                {product} {ergonomic}
   size_t MinHeapDeltaBytes                        = 1048576                                   {product} {ergonomic}
    uintx NonNMethodCodeHeapSize                   = 5830732                                {pd product} {ergonomic}
    uintx NonProfiledCodeHeapSize                  = 122913754                              {pd product} {ergonomic}
    uintx ProfiledCodeHeapSize                     = 122913754                              {pd product} {ergonomic}
    uintx ReservedCodeCacheSize                    = 251658240                              {pd product} {ergonomic}
     bool SegmentedCodeCache                       = true                                      {product} {ergonomic}
     bool UseCompressedClassPointers               = true                                 {lp64_product} {ergonomic}
     bool UseCompressedOops                        = true                                 {lp64_product} {ergonomic}
     bool UseG1GC                                  = true                                      {product} {ergonomic}
     bool UseLargePagesIndividualAllocation        = false                                  {pd product} {ergonomic}

Logging:
Log output configuration:
 #0: stdout all=warning uptime,level,tags
 #1: stderr all=off uptime,level,tags

Environment Variables:
PATH=C:\Program Files (x86)\Embarcadero\Studio\20.0\bin;C:\Users\Public\Documents\Embarcadero\Studio\20.0\Bpl;C:\Program Files (x86)\Embarcadero\Studio\20.0\bin64;C:\Users\Public\Documents\Embarcadero\Studio\20.0\Bpl\Win64;C:\Program Files\Common Files\Oracle\Java\javapath;C:\Program Files (x86)\Common Files\Oracle\Java\javapath;C:\Program Files (x86)\CodeGear\RAD Studio\5.0\bin;C:\Users\Public\Documents\RAD Studio\5.0\Bpl;C:\Python38\Scripts\;C:\Python38\;C:\Windows\system32;C:\Windows;C:\Windows\System32\Wbem;C:\Windows\System32\WindowsPowerShell\v1.0\;C:\Windows\System32\OpenSSH\;C:\Program Files\dotnet\;C:\Program Files\Microsoft SQL Server\130\Tools\Binn\;C:\Program Files\Microsoft SQL Server\Client SDK\ODBC\170\Tools\Binn\;C:\TDM-GCC-64\bin;C:\Program Files (x86)\Microsoft SQL Server\150\DTS\Binn\;C:\Program Files\Azure Data Studio\bin;C:\Program Files\Git\cmd;C:\Program Files (x86)\IVI Foundation\VISA\WinNT\Bin;C:\Program Files\MATLAB\R2009b\bin;C:\Program Files\Microsoft SQL Server\110\Tools\Binn\;C:\Program Files (x86)\dotnet\;C:\Users\spirkin_a\AppData\Local\Microsoft\WindowsApps;
USERNAME=spirkin_a
OS=Windows_NT
PROCESSOR_IDENTIFIER=Intel64 Family 6 Model 158 Stepping 10, GenuineIntel



---------------  S Y S T E M  ---------------

OS: Windows 10 , 64 bit Build 17763 (10.0.17763.2145)
OS uptime: 0 days 3:28 hours
Hyper-V role detected

CPU:total 6 (initial active 6) (6 cores per cpu, 1 threads per core) family 6 model 158 stepping 10 microcode 0xde, cmov, cx8, fxsr, mmx, sse, sse2, sse3, ssse3, sse4.1, sse4.2, popcnt, avx, avx2, aes, clmul, erms, rtm, 3dnowpref, lzcnt, tsc, tscinvbit, bmi1, bmi2, adx, fma

Memory: 4k page, system-wide physical 8053M (1877M free)
TotalPageFile size 16245M (AvailPageFile size 8426M)
current process WorkingSet (physical memory assigned to process): 593M, peak: 595M
current process commit charge ("private bytes"): 622M, peak: 625M

vm_info: OpenJDK 64-Bit Server VM (11.0.10+0-b96-7249189) for windows-amd64 JRE (11.0.10+0-b96-7249189), built on Mar 31 2021 21:44:00 by "builder" with MS VC++ 14.0 (VS2015)

END.
